{
  "/Users/Alesun4ik/Trainee/react/src/services/CharacterService.ts": {
    "path": "/Users/Alesun4ik/Trainee/react/src/services/CharacterService.ts",
    "statementMap": {
      "0": {
        "start": {
          "line": 2,
          "column": 21
        },
        "end": {
          "line": 20,
          "column": 2
        }
      },
      "1": {
        "start": {
          "line": 5,
          "column": 25
        },
        "end": {
          "line": 19,
          "column": 3
        }
      },
      "2": {
        "start": {
          "line": 7,
          "column": 24
        },
        "end": {
          "line": 12,
          "column": 7
        }
      },
      "3": {
        "start": {
          "line": 15,
          "column": 22
        },
        "end": {
          "line": 17,
          "column": 7
        }
      }
    },
    "fnMap": {
      "0": {
        "name": "(anonymous_0)",
        "decl": {
          "start": {
            "line": 5,
            "column": 13
          },
          "end": {
            "line": 5,
            "column": 14
          }
        },
        "loc": {
          "start": {
            "line": 5,
            "column": 25
          },
          "end": {
            "line": 19,
            "column": 3
          }
        },
        "line": 5
      },
      "1": {
        "name": "(anonymous_1)",
        "decl": {
          "start": {
            "line": 7,
            "column": 13
          },
          "end": {
            "line": 7,
            "column": 14
          }
        },
        "loc": {
          "start": {
            "line": 7,
            "column": 24
          },
          "end": {
            "line": 12,
            "column": 7
          }
        },
        "line": 7
      },
      "2": {
        "name": "(anonymous_2)",
        "decl": {
          "start": {
            "line": 15,
            "column": 13
          },
          "end": {
            "line": 15,
            "column": 14
          }
        },
        "loc": {
          "start": {
            "line": 15,
            "column": 22
          },
          "end": {
            "line": 17,
            "column": 7
          }
        },
        "line": 15
      }
    },
    "branchMap": {},
    "s": {
      "0": 135,
      "1": 135,
      "2": 94,
      "3": 119
    },
    "f": {
      "0": 135,
      "1": 94,
      "2": 119
    },
    "b": {},
    "inputSourceMap": {
      "version": 3,
      "sources": [
        "/Users/Alesun4ik/Trainee/react/src/services/CharacterService.ts"
      ],
      "mappings": "AAAA,SAAS,WAAW,sBAAsB;AAG1C,MAAM,eAAe,UAAU;AAAA,EAC7B,aAAa;AAAA,EACb,WAAW,eAAe,EAAE,SAAS,4CAA4C,CAAC;AAAA,EAClF,WAAW,CAAC,WAAW;AAAA,IACrB,oBAAoB,MAAM,MAA2B;AAAA,MACnD,OAAO,CAAC,UAAmB;AAAA,QACzB,KAAK;AAAA,QACL,QAAQ;AAAA,UACN;AAAA,QACF;AAAA,MACF;AAAA,IACF,CAAC;AAAA,IAED,kBAAkB,MAAM,MAA6B;AAAA,MACnD,OAAO,CAAC,QAAiB;AAAA,QACvB,KAAK,IAAI;AAAA,MACX;AAAA,IACF,CAAC;AAAA,EACH;AACF,CAAC;AAED,eAAe;",
      "names": []
    },
    "_coverageSchema": "1a1c01bbd47fc00a2c39e90264f33305004495a9",
    "hash": "1937192fedc44cdfb90c9a124016b92327021f87"
  },
  "/Users/Alesun4ik/Trainee/react/src/store/reducers/ActionCreators.ts": {
    "path": "/Users/Alesun4ik/Trainee/react/src/store/reducers/ActionCreators.ts",
    "statementMap": {
      "0": {
        "start": {
          "line": 2,
          "column": 31
        },
        "end": {
          "line": 17,
          "column": 1
        }
      },
      "1": {
        "start": {
          "line": 5,
          "column": 21
        },
        "end": {
          "line": 14,
          "column": 5
        }
      },
      "2": {
        "start": {
          "line": 7,
          "column": 20
        },
        "end": {
          "line": 7,
          "column": 30
        }
      },
      "3": {
        "start": {
          "line": 9,
          "column": 8
        },
        "end": {
          "line": 9,
          "column": 30
        }
      },
      "4": {
        "start": {
          "line": 12,
          "column": 8
        },
        "end": {
          "line": 12,
          "column": 29
        }
      },
      "5": {
        "start": {
          "line": 15,
          "column": 4
        },
        "end": {
          "line": 15,
          "column": 20
        }
      },
      "6": {
        "start": {
          "line": 18,
          "column": 35
        },
        "end": {
          "line": 33,
          "column": 1
        }
      },
      "7": {
        "start": {
          "line": 21,
          "column": 21
        },
        "end": {
          "line": 30,
          "column": 5
        }
      },
      "8": {
        "start": {
          "line": 23,
          "column": 20
        },
        "end": {
          "line": 23,
          "column": 30
        }
      },
      "9": {
        "start": {
          "line": 25,
          "column": 8
        },
        "end": {
          "line": 25,
          "column": 22
        }
      },
      "10": {
        "start": {
          "line": 28,
          "column": 8
        },
        "end": {
          "line": 28,
          "column": 29
        }
      },
      "11": {
        "start": {
          "line": 31,
          "column": 4
        },
        "end": {
          "line": 31,
          "column": 20
        }
      }
    },
    "fnMap": {
      "0": {
        "name": "(anonymous_0)",
        "decl": {
          "start": {
            "line": 4,
            "column": 2
          },
          "end": {
            "line": 4,
            "column": 3
          }
        },
        "loc": {
          "start": {
            "line": 4,
            "column": 18
          },
          "end": {
            "line": 16,
            "column": 3
          }
        },
        "line": 4
      },
      "1": {
        "name": "(anonymous_1)",
        "decl": {
          "start": {
            "line": 7,
            "column": 11
          },
          "end": {
            "line": 7,
            "column": 12
          }
        },
        "loc": {
          "start": {
            "line": 7,
            "column": 20
          },
          "end": {
            "line": 7,
            "column": 30
          }
        },
        "line": 7
      },
      "2": {
        "name": "(anonymous_2)",
        "decl": {
          "start": {
            "line": 8,
            "column": 6
          },
          "end": {
            "line": 8,
            "column": 7
          }
        },
        "loc": {
          "start": {
            "line": 8,
            "column": 18
          },
          "end": {
            "line": 10,
            "column": 7
          }
        },
        "line": 8
      },
      "3": {
        "name": "(anonymous_3)",
        "decl": {
          "start": {
            "line": 11,
            "column": 6
          },
          "end": {
            "line": 11,
            "column": 7
          }
        },
        "loc": {
          "start": {
            "line": 11,
            "column": 17
          },
          "end": {
            "line": 13,
            "column": 7
          }
        },
        "line": 11
      },
      "4": {
        "name": "(anonymous_4)",
        "decl": {
          "start": {
            "line": 20,
            "column": 2
          },
          "end": {
            "line": 20,
            "column": 3
          }
        },
        "loc": {
          "start": {
            "line": 20,
            "column": 16
          },
          "end": {
            "line": 32,
            "column": 3
          }
        },
        "line": 20
      },
      "5": {
        "name": "(anonymous_5)",
        "decl": {
          "start": {
            "line": 23,
            "column": 11
          },
          "end": {
            "line": 23,
            "column": 12
          }
        },
        "loc": {
          "start": {
            "line": 23,
            "column": 20
          },
          "end": {
            "line": 23,
            "column": 30
          }
        },
        "line": 23
      },
      "6": {
        "name": "(anonymous_6)",
        "decl": {
          "start": {
            "line": 24,
            "column": 6
          },
          "end": {
            "line": 24,
            "column": 7
          }
        },
        "loc": {
          "start": {
            "line": 24,
            "column": 18
          },
          "end": {
            "line": 26,
            "column": 7
          }
        },
        "line": 24
      },
      "7": {
        "name": "(anonymous_7)",
        "decl": {
          "start": {
            "line": 27,
            "column": 6
          },
          "end": {
            "line": 27,
            "column": 7
          }
        },
        "loc": {
          "start": {
            "line": 27,
            "column": 17
          },
          "end": {
            "line": 29,
            "column": 7
          }
        },
        "line": 27
      }
    },
    "branchMap": {
      "0": {
        "loc": {
          "start": {
            "line": 6,
            "column": 6
          },
          "end": {
            "line": 6,
            "column": 115
          }
        },
        "type": "cond-expr",
        "locations": [
          {
            "start": {
              "line": 6,
              "column": 13
            },
            "end": {
              "line": 6,
              "column": 69
            }
          },
          {
            "start": {
              "line": 6,
              "column": 72
            },
            "end": {
              "line": 6,
              "column": 115
            }
          }
        ],
        "line": 6
      },
      "1": {
        "loc": {
          "start": {
            "line": 22,
            "column": 6
          },
          "end": {
            "line": 22,
            "column": 106
          }
        },
        "type": "cond-expr",
        "locations": [
          {
            "start": {
              "line": 22,
              "column": 11
            },
            "end": {
              "line": 22,
              "column": 60
            }
          },
          {
            "start": {
              "line": 22,
              "column": 63
            },
            "end": {
              "line": 22,
              "column": 106
            }
          }
        ],
        "line": 22
      }
    },
    "s": {
      "0": 135,
      "1": 0,
      "2": 0,
      "3": 0,
      "4": 0,
      "5": 0,
      "6": 135,
      "7": 0,
      "8": 0,
      "9": 0,
      "10": 0,
      "11": 0
    },
    "f": {
      "0": 0,
      "1": 0,
      "2": 0,
      "3": 0,
      "4": 0,
      "5": 0,
      "6": 0,
      "7": 0
    },
    "b": {
      "0": [
        0,
        0
      ],
      "1": [
        0,
        0
      ]
    },
    "inputSourceMap": {
      "version": 3,
      "sources": [
        "/Users/Alesun4ik/Trainee/react/src/store/reducers/ActionCreators.ts"
      ],
      "mappings": "AAAA,SAAS,wBAAwB;AAE1B,aAAM,kBAAkB;AAAA,EAC7B;AAAA,EACA,OAAO,SAAkB;AACvB,UAAM,WAAW,MAAM;AAAA,MACrB,OACI,kDAAkD,SAClD;AAAA,IACN,EACG,KAAK,CAAC,QAAQ,IAAI,KAAK,CAAC,EACxB;AAAA,MACC,CAAC,WAAW;AACV,eAAO,OAAO;AAAA,MAChB;AAAA,MACA,CAAC,UAAU;AACT,eAAO,MAAM;AAAA,MACf;AAAA,IACF;AAEF,WAAO;AAAA,EACT;AACF;AAEO,aAAM,sBAAsB;AAAA,EACjC;AAAA,EACA,OAAO,OAAgB;AACrB,UAAM,WAAW,MAAM;AAAA,MACrB,KACI,6CAA6C,OAC7C;AAAA,IACN,EACG,KAAK,CAAC,QAAQ,IAAI,KAAK,CAAC,EACxB;AAAA,MACC,CAAC,WAAW;AACV,eAAO;AAAA,MACT;AAAA,MACA,CAAC,UAAU;AACT,eAAO,MAAM;AAAA,MACf;AAAA,IACF;AAEF,WAAO;AAAA,EACT;AACF;",
      "names": []
    },
    "_coverageSchema": "1a1c01bbd47fc00a2c39e90264f33305004495a9",
    "hash": "3a50e9cd0cd2224080bc21dbf24cc79539d47524"
  },
  "/Users/Alesun4ik/Trainee/react/src/store/reducers/UserSlice.ts": {
    "path": "/Users/Alesun4ik/Trainee/react/src/store/reducers/UserSlice.ts",
    "statementMap": {
      "0": {
        "start": {
          "line": 3,
          "column": 21
        },
        "end": {
          "line": 27,
          "column": 1
        }
      },
      "1": {
        "start": {
          "line": 29,
          "column": 2
        },
        "end": {
          "line": 29,
          "column": 42
        }
      },
      "2": {
        "start": {
          "line": 31,
          "column": 25
        },
        "end": {
          "line": 61,
          "column": 2
        }
      },
      "3": {
        "start": {
          "line": 36,
          "column": 6
        },
        "end": {
          "line": 36,
          "column": 41
        }
      },
      "4": {
        "start": {
          "line": 39,
          "column": 6
        },
        "end": {
          "line": 39,
          "column": 39
        }
      },
      "5": {
        "start": {
          "line": 43,
          "column": 4
        },
        "end": {
          "line": 49,
          "column": 7
        }
      },
      "6": {
        "start": {
          "line": 44,
          "column": 6
        },
        "end": {
          "line": 44,
          "column": 30
        }
      },
      "7": {
        "start": {
          "line": 45,
          "column": 6
        },
        "end": {
          "line": 45,
          "column": 23
        }
      },
      "8": {
        "start": {
          "line": 46,
          "column": 6
        },
        "end": {
          "line": 46,
          "column": 40
        }
      },
      "9": {
        "start": {
          "line": 48,
          "column": 6
        },
        "end": {
          "line": 48,
          "column": 29
        }
      },
      "10": {
        "start": {
          "line": 50,
          "column": 4
        },
        "end": {
          "line": 59,
          "column": 7
        }
      },
      "11": {
        "start": {
          "line": 51,
          "column": 6
        },
        "end": {
          "line": 51,
          "column": 30
        }
      },
      "12": {
        "start": {
          "line": 52,
          "column": 6
        },
        "end": {
          "line": 52,
          "column": 23
        }
      },
      "13": {
        "start": {
          "line": 53,
          "column": 6
        },
        "end": {
          "line": 53,
          "column": 39
        }
      },
      "14": {
        "start": {
          "line": 55,
          "column": 6
        },
        "end": {
          "line": 55,
          "column": 29
        }
      },
      "15": {
        "start": {
          "line": 57,
          "column": 6
        },
        "end": {
          "line": 57,
          "column": 30
        }
      }
    },
    "fnMap": {
      "0": {
        "name": "isRejectedAction",
        "decl": {
          "start": {
            "line": 28,
            "column": 9
          },
          "end": {
            "line": 28,
            "column": 25
          }
        },
        "loc": {
          "start": {
            "line": 28,
            "column": 34
          },
          "end": {
            "line": 30,
            "column": 1
          }
        },
        "line": 28
      },
      "1": {
        "name": "(anonymous_1)",
        "decl": {
          "start": {
            "line": 35,
            "column": 4
          },
          "end": {
            "line": 35,
            "column": 5
          }
        },
        "loc": {
          "start": {
            "line": 35,
            "column": 34
          },
          "end": {
            "line": 37,
            "column": 5
          }
        },
        "line": 35
      },
      "2": {
        "name": "(anonymous_2)",
        "decl": {
          "start": {
            "line": 38,
            "column": 4
          },
          "end": {
            "line": 38,
            "column": 5
          }
        },
        "loc": {
          "start": {
            "line": 38,
            "column": 30
          },
          "end": {
            "line": 40,
            "column": 5
          }
        },
        "line": 38
      },
      "3": {
        "name": "(anonymous_3)",
        "decl": {
          "start": {
            "line": 42,
            "column": 17
          },
          "end": {
            "line": 42,
            "column": 18
          }
        },
        "loc": {
          "start": {
            "line": 42,
            "column": 30
          },
          "end": {
            "line": 60,
            "column": 3
          }
        },
        "line": 42
      },
      "4": {
        "name": "(anonymous_4)",
        "decl": {
          "start": {
            "line": 43,
            "column": 47
          },
          "end": {
            "line": 43,
            "column": 48
          }
        },
        "loc": {
          "start": {
            "line": 43,
            "column": 66
          },
          "end": {
            "line": 47,
            "column": 5
          }
        },
        "line": 43
      },
      "5": {
        "name": "(anonymous_5)",
        "decl": {
          "start": {
            "line": 47,
            "column": 40
          },
          "end": {
            "line": 47,
            "column": 41
          }
        },
        "loc": {
          "start": {
            "line": 47,
            "column": 51
          },
          "end": {
            "line": 49,
            "column": 5
          }
        },
        "line": 47
      },
      "6": {
        "name": "(anonymous_6)",
        "decl": {
          "start": {
            "line": 50,
            "column": 51
          },
          "end": {
            "line": 50,
            "column": 52
          }
        },
        "loc": {
          "start": {
            "line": 50,
            "column": 70
          },
          "end": {
            "line": 54,
            "column": 5
          }
        },
        "line": 50
      },
      "7": {
        "name": "(anonymous_7)",
        "decl": {
          "start": {
            "line": 54,
            "column": 44
          },
          "end": {
            "line": 54,
            "column": 45
          }
        },
        "loc": {
          "start": {
            "line": 54,
            "column": 55
          },
          "end": {
            "line": 56,
            "column": 5
          }
        },
        "line": 54
      },
      "8": {
        "name": "(anonymous_8)",
        "decl": {
          "start": {
            "line": 56,
            "column": 36
          },
          "end": {
            "line": 56,
            "column": 37
          }
        },
        "loc": {
          "start": {
            "line": 56,
            "column": 47
          },
          "end": {
            "line": 58,
            "column": 5
          }
        },
        "line": 56
      },
      "9": {
        "name": "(anonymous_9)",
        "decl": {
          "start": {
            "line": 58,
            "column": 22
          },
          "end": {
            "line": 58,
            "column": 23
          }
        },
        "loc": {
          "start": {
            "line": 58,
            "column": 28
          },
          "end": {
            "line": 59,
            "column": 5
          }
        },
        "line": 58
      }
    },
    "branchMap": {},
    "s": {
      "0": 135,
      "1": 1151,
      "2": 135,
      "3": 0,
      "4": 0,
      "5": 135,
      "6": 0,
      "7": 0,
      "8": 0,
      "9": 0,
      "10": 135,
      "11": 0,
      "12": 0,
      "13": 0,
      "14": 0,
      "15": 0
    },
    "f": {
      "0": 1151,
      "1": 0,
      "2": 0,
      "3": 135,
      "4": 0,
      "5": 0,
      "6": 0,
      "7": 0,
      "8": 0,
      "9": 1151
    },
    "b": {},
    "inputSourceMap": {
      "version": 3,
      "sources": [
        "/Users/Alesun4ik/Trainee/react/src/store/reducers/UserSlice.ts"
      ],
      "mappings": "AAEA,SAA2C,mBAAmB;AAE9D,SAAS,qBAAqB,uBAAuB;AAWrD,MAAM,eAAyB;AAAA,EAC7B,aAAa;AAAA,EACb,YAAY,CAAC;AAAA,EACb,WAAW;AAAA,IACT,IAAI;AAAA,IACJ,MAAM;AAAA,IACN,SAAS;AAAA,IACT,QAAQ;AAAA,IACR,QAAQ;AAAA,IACR,OAAO;AAAA,IACP,SAAS;AAAA,IACT,SAAS,CAAC,IAAI,EAAE;AAAA,IAChB,UAAU;AAAA,MACR,MAAM;AAAA,MACN,KAAK;AAAA,IACP;AAAA,IACA,QAAQ;AAAA,MACN,MAAM;AAAA,MACN,KAAK;AAAA,IACP;AAAA,EACF;AAAA,EACA,WAAW;AAAA,EACX,OAAO;AAAA,EACP,OAAO,CAAC;AACV;AAMA,SAAS,iBAAiB,QAA6C;AACrE,SAAO,OAAO,KAAK,SAAS,UAAU;AACxC;AAEO,aAAM,YAAY,YAAY;AAAA,EACnC,MAAM;AAAA,EACN;AAAA,EACA,UAAU;AAAA,IACR,eAAe,OAAO,QAA+B;AACnD,YAAM,cAAc,OAAO;AAAA,IAC7B;AAAA,IACA,WAAW,OAAO,QAA0C;AAC1D,YAAM,MAAM,KAAK,OAAO,OAAO;AAAA,IACjC;AAAA,EACF;AAAA,EACA,eAAe,CAAC,YAAY;AAC1B,YACG,QAAQ,gBAAgB,WAAW,CAAC,OAAO,WAA2C;AACrF,YAAM,YAAY;AAClB,YAAM,QAAQ;AACd,YAAM,aAAa,OAAO;AAAA,IAC5B,CAAC,EACA,QAAQ,gBAAgB,SAAS,CAAC,UAAU;AAC3C,YAAM,YAAY;AAAA,IACpB,CAAC;AAEH,YACG,QAAQ,oBAAoB,WAAW,CAAC,OAAO,WAAyC;AACvF,YAAM,YAAY;AAClB,YAAM,QAAQ;AACd,YAAM,YAAY,OAAO;AAAA,IAC3B,CAAC,EACA,QAAQ,oBAAoB,SAAS,CAAC,UAAU;AAC/C,YAAM,YAAY;AAAA,IACpB,CAAC,EACA,WAAW,kBAAkB,CAAC,UAAU;AACvC,YAAM,YAAY;AAAA,IACpB,CAAC,EACA,eAAe,MAAM;AAAA,IAAC,CAAC;AAAA,EAC5B;AACF,CAAC;AAED,eAAe,UAAU;",
      "names": []
    },
    "_coverageSchema": "1a1c01bbd47fc00a2c39e90264f33305004495a9",
    "hash": "33d7744d357ae474f524e7273fb107745819f785"
  },
  "/Users/Alesun4ik/Trainee/react/src/store/store.ts": {
    "path": "/Users/Alesun4ik/Trainee/react/src/store/store.ts",
    "statementMap": {
      "0": {
        "start": {
          "line": 4,
          "column": 20
        },
        "end": {
          "line": 7,
          "column": 2
        }
      },
      "1": {
        "start": {
          "line": 8,
          "column": 26
        },
        "end": {
          "line": 13,
          "column": 1
        }
      },
      "2": {
        "start": {
          "line": 9,
          "column": 2
        },
        "end": {
          "line": 12,
          "column": 5
        }
      },
      "3": {
        "start": {
          "line": 11,
          "column": 42
        },
        "end": {
          "line": 11,
          "column": 96
        }
      }
    },
    "fnMap": {
      "0": {
        "name": "(anonymous_0)",
        "decl": {
          "start": {
            "line": 8,
            "column": 26
          },
          "end": {
            "line": 8,
            "column": 27
          }
        },
        "loc": {
          "start": {
            "line": 8,
            "column": 32
          },
          "end": {
            "line": 13,
            "column": 1
          }
        },
        "line": 8
      },
      "1": {
        "name": "(anonymous_1)",
        "decl": {
          "start": {
            "line": 11,
            "column": 16
          },
          "end": {
            "line": 11,
            "column": 17
          }
        },
        "loc": {
          "start": {
            "line": 11,
            "column": 42
          },
          "end": {
            "line": 11,
            "column": 96
          }
        },
        "line": 11
      }
    },
    "branchMap": {},
    "s": {
      "0": 135,
      "1": 135,
      "2": 270,
      "3": 270
    },
    "f": {
      "0": 270,
      "1": 270
    },
    "b": {},
    "inputSourceMap": {
      "version": 3,
      "sources": [
        "/Users/Alesun4ik/Trainee/react/src/store/store.ts"
      ],
      "mappings": "AAAA,SAAS,iBAAiB,sBAAsB;AAChD,OAAO,kBAAkB;AACzB,OAAO,sBAAsB;AAE7B,MAAM,cAAc,gBAAgB;AAAA,EAClC;AAAA,EACA,CAAC,aAAa,WAAW,GAAG,aAAa;AAC3C,CAAC;AAEM,aAAM,aAAa,MAAM;AAC9B,SAAO,eAAe;AAAA,IACpB,SAAS;AAAA,IACT,YAAY,CAAC,yBAAyB,qBAAqB,EAAE,OAAO,aAAa,UAAU;AAAA,EAC7F,CAAC;AACH;",
      "names": []
    },
    "_coverageSchema": "1a1c01bbd47fc00a2c39e90264f33305004495a9",
    "hash": "190a0c4a268a65cf0777a9f3996803c530b842cb"
  },
  "/Users/Alesun4ik/Trainee/react/src/components/Header/Header.tsx": {
    "path": "/Users/Alesun4ik/Trainee/react/src/components/Header/Header.tsx",
    "statementMap": {
      "0": {
        "start": {
          "line": 4,
          "column": 15
        },
        "end": {
          "line": 50,
          "column": 1
        }
      },
      "1": {
        "start": {
          "line": 5,
          "column": 20
        },
        "end": {
          "line": 5,
          "column": 25
        }
      },
      "2": {
        "start": {
          "line": 6,
          "column": 2
        },
        "end": {
          "line": 49,
          "column": 11
        }
      }
    },
    "fnMap": {
      "0": {
        "name": "(anonymous_0)",
        "decl": {
          "start": {
            "line": 4,
            "column": 15
          },
          "end": {
            "line": 4,
            "column": 16
          }
        },
        "loc": {
          "start": {
            "line": 4,
            "column": 26
          },
          "end": {
            "line": 50,
            "column": 1
          }
        },
        "line": 4
      }
    },
    "branchMap": {},
    "s": {
      "0": 135,
      "1": 300,
      "2": 300
    },
    "f": {
      "0": 300
    },
    "b": {},
    "inputSourceMap": {
      "version": 3,
      "sources": [
        "/Users/Alesun4ik/Trainee/react/src/components/Header/Header.tsx"
      ],
      "mappings": "AASM;AAPN,SAAS,YAAY;AACrB,OAAO;AAEP,MAAM,SAAS,CAAC,UAAsB;AACpC,QAAM,EAAE,MAAM,IAAI;AAClB,SACE,uBAAC,SAAI,WAAU,WACb;AAAA,2BAAC,QAAI,mBAAL;AAAA;AAAA;AAAA;AAAA,WAAW;AAAA,IACX,uBAAC,SAAI,WAAU,gBACb;AAAA,6BAAC,QAAK,IAAG,KAAI,eAAY,aACvB,iCAAC,OAAE,eAAY,QAAO,WAAU,QAAO,yBAAvC;AAAA;AAAA;AAAA;AAAA,aAEA,KAHF;AAAA;AAAA;AAAA;AAAA,aAIA;AAAA,MACA,uBAAC,QAAK,IAAG,UAAS,eAAY,cAC5B,iCAAC,OAAE,eAAY,cAAa,WAAU,QAAO,wBAA7C;AAAA;AAAA;AAAA;AAAA,aAEA,KAHF;AAAA;AAAA;AAAA;AAAA,aAIA;AAAA,MACA,uBAAC,QAAK,IAAG,SAAQ,eAAY,aAC3B,iCAAC,OAAE,eAAY,aAAY,WAAU,QAAO,oBAA5C;AAAA;AAAA;AAAA;AAAA,aAEA,KAHF;AAAA;AAAA;AAAA;AAAA,aAIA;AAAA,SAfF;AAAA;AAAA;AAAA;AAAA,WAgBA;AAAA,OAlBF;AAAA;AAAA;AAAA;AAAA,SAmBA;AAEJ;AAEA,eAAe;",
      "names": []
    },
    "_coverageSchema": "1a1c01bbd47fc00a2c39e90264f33305004495a9",
    "hash": "e44bf22400f66ec8a7fc39ac05c17001d02cfa34"
  },
  "/Users/Alesun4ik/Trainee/react/src/pages/AboutUs.tsx": {
    "path": "/Users/Alesun4ik/Trainee/react/src/pages/AboutUs.tsx",
    "statementMap": {
      "0": {
        "start": {
          "line": 4,
          "column": 16
        },
        "end": {
          "line": 41,
          "column": 1
        }
      },
      "1": {
        "start": {
          "line": 5,
          "column": 19
        },
        "end": {
          "line": 5,
          "column": 32
        }
      },
      "2": {
        "start": {
          "line": 6,
          "column": 2
        },
        "end": {
          "line": 24,
          "column": 3
        }
      },
      "3": {
        "start": {
          "line": 7,
          "column": 20
        },
        "end": {
          "line": 7,
          "column": 46
        }
      },
      "4": {
        "start": {
          "line": 8,
          "column": 4
        },
        "end": {
          "line": 23,
          "column": 13
        }
      },
      "5": {
        "start": {
          "line": 25,
          "column": 2
        },
        "end": {
          "line": 40,
          "column": 11
        }
      }
    },
    "fnMap": {
      "0": {
        "name": "(anonymous_0)",
        "decl": {
          "start": {
            "line": 4,
            "column": 16
          },
          "end": {
            "line": 4,
            "column": 17
          }
        },
        "loc": {
          "start": {
            "line": 4,
            "column": 22
          },
          "end": {
            "line": 41,
            "column": 1
          }
        },
        "line": 4
      }
    },
    "branchMap": {
      "0": {
        "loc": {
          "start": {
            "line": 6,
            "column": 2
          },
          "end": {
            "line": 24,
            "column": 3
          }
        },
        "type": "if",
        "locations": [
          {
            "start": {
              "line": 6,
              "column": 2
            },
            "end": {
              "line": 24,
              "column": 3
            }
          },
          {
            "start": {},
            "end": {}
          }
        ],
        "line": 6
      }
    },
    "s": {
      "0": 135,
      "1": 9,
      "2": 9,
      "3": 9,
      "4": 9,
      "5": 0
    },
    "f": {
      "0": 9
    },
    "b": {
      "0": [
        9,
        0
      ]
    },
    "inputSourceMap": {
      "version": 3,
      "sources": [
        "/Users/Alesun4ik/Trainee/react/src/pages/AboutUs.tsx"
      ],
      "mappings": "AAUQ;AAVR,SAAS,mBAAmB;AAE5B,OAAO,kBAAkB;AAEzB,MAAM,UAAU,MAAM;AACpB,QAAM,WAAW,YAAY;AAC7B,MAAI,UAAU;AACZ,UAAM,UAAU,SAAS,SAAS,MAAM,CAAC;AACzC,WACE,uBAAC,SAAI,eAAY,cACf;AAAA,6BAAC,gBAAa,OAAO,WAArB;AAAA;AAAA;AAAA;AAAA,aAA8B;AAAA,MAC9B,uBAAC,QAAG,wBAAJ;AAAA;AAAA;AAAA;AAAA,aAAY;AAAA,SAFd;AAAA;AAAA;AAAA;AAAA,WAGA;AAAA,EAEJ;AACA,SACE,uBAAC,SAAI,eAAY,cACf;AAAA,2BAAC,gBAAa,OAAM,eAApB;AAAA;AAAA;AAAA;AAAA,WAAgC;AAAA,IAChC,uBAAC,QAAG,yBAAJ;AAAA;AAAA;AAAA;AAAA,WAAa;AAAA,OAFf;AAAA;AAAA;AAAA;AAAA,SAGA;AAEJ;AAEA,eAAe;",
      "names": []
    },
    "_coverageSchema": "1a1c01bbd47fc00a2c39e90264f33305004495a9",
    "hash": "cb31b7f7562eb9c5d9517a6d3b6eb597421b7942"
  },
  "/Users/Alesun4ik/Trainee/react/src/components/Loader/Loader.tsx": {
    "path": "/Users/Alesun4ik/Trainee/react/src/components/Loader/Loader.tsx",
    "statementMap": {
      "0": {
        "start": {
          "line": 3,
          "column": 17
        },
        "end": {
          "line": 9,
          "column": 1
        }
      },
      "1": {
        "start": {
          "line": 4,
          "column": 2
        },
        "end": {
          "line": 8,
          "column": 11
        }
      }
    },
    "fnMap": {
      "0": {
        "name": "(anonymous_0)",
        "decl": {
          "start": {
            "line": 3,
            "column": 17
          },
          "end": {
            "line": 3,
            "column": 18
          }
        },
        "loc": {
          "start": {
            "line": 3,
            "column": 23
          },
          "end": {
            "line": 9,
            "column": 1
          }
        },
        "line": 3
      }
    },
    "branchMap": {},
    "s": {
      "0": 135,
      "1": 188
    },
    "f": {
      "0": 188
    },
    "b": {},
    "inputSourceMap": {
      "version": 3,
      "sources": [
        "/Users/Alesun4ik/Trainee/react/src/components/Loader/Loader.tsx"
      ],
      "mappings": "AAIS;AAHT,OAAO;AAEP,MAAM,WAAW,MAAM;AACrB,SAAO,uBAAC,UAAK,WAAU,YAAhB;AAAA;AAAA;AAAA;AAAA,SAAyB;AAClC;AAEA,eAAe;",
      "names": []
    },
    "_coverageSchema": "1a1c01bbd47fc00a2c39e90264f33305004495a9",
    "hash": "a371860f1a1a652637456485613b73846aedd702"
  },
  "/Users/Alesun4ik/Trainee/react/src/components/CardModal/CardModal.tsx": {
    "path": "/Users/Alesun4ik/Trainee/react/src/components/CardModal/CardModal.tsx",
    "statementMap": {
      "0": {
        "start": {
          "line": 4,
          "column": 18
        },
        "end": {
          "line": 139,
          "column": 1
        }
      },
      "1": {
        "start": {
          "line": 5,
          "column": 36
        },
        "end": {
          "line": 5,
          "column": 41
        }
      },
      "2": {
        "start": {
          "line": 6,
          "column": 19
        },
        "end": {
          "line": 6,
          "column": 60
        }
      },
      "3": {
        "start": {
          "line": 7,
          "column": 2
        },
        "end": {
          "line": 138,
          "column": 4
        }
      },
      "4": {
        "start": {
          "line": 12,
          "column": 21
        },
        "end": {
          "line": 12,
          "column": 37
        }
      },
      "5": {
        "start": {
          "line": 13,
          "column": 92
        },
        "end": {
          "line": 13,
          "column": 111
        }
      }
    },
    "fnMap": {
      "0": {
        "name": "(anonymous_0)",
        "decl": {
          "start": {
            "line": 4,
            "column": 18
          },
          "end": {
            "line": 4,
            "column": 19
          }
        },
        "loc": {
          "start": {
            "line": 4,
            "column": 29
          },
          "end": {
            "line": 139,
            "column": 1
          }
        },
        "line": 4
      },
      "1": {
        "name": "(anonymous_1)",
        "decl": {
          "start": {
            "line": 12,
            "column": 15
          },
          "end": {
            "line": 12,
            "column": 16
          }
        },
        "loc": {
          "start": {
            "line": 12,
            "column": 21
          },
          "end": {
            "line": 12,
            "column": 37
          }
        },
        "line": 12
      },
      "2": {
        "name": "(anonymous_2)",
        "decl": {
          "start": {
            "line": 13,
            "column": 85
          },
          "end": {
            "line": 13,
            "column": 86
          }
        },
        "loc": {
          "start": {
            "line": 13,
            "column": 92
          },
          "end": {
            "line": 13,
            "column": 111
          }
        },
        "line": 13
      }
    },
    "branchMap": {
      "0": {
        "loc": {
          "start": {
            "line": 11,
            "column": 17
          },
          "end": {
            "line": 11,
            "column": 50
          }
        },
        "type": "cond-expr",
        "locations": [
          {
            "start": {
              "line": 11,
              "column": 26
            },
            "end": {
              "line": 11,
              "column": 40
            }
          },
          {
            "start": {
              "line": 11,
              "column": 43
            },
            "end": {
              "line": 11,
              "column": 50
            }
          }
        ],
        "line": 11
      }
    },
    "s": {
      "0": 135,
      "1": 389,
      "2": 389,
      "3": 389,
      "4": 0,
      "5": 0
    },
    "f": {
      "0": 389,
      "1": 0,
      "2": 0
    },
    "b": {
      "0": [
        14,
        375
      ]
    },
    "inputSourceMap": {
      "version": 3,
      "sources": [
        "/Users/Alesun4ik/Trainee/react/src/components/CardModal/CardModal.tsx"
      ],
      "mappings": "AAyBY;AAtBZ,OAAO;AACP,OAAO,kBAAkB;AAQzB,MAAM,YAAY,CAAC,UAA0B;AAC3C,QAAM,EAAE,QAAQ,WAAW,GAAG,IAAI;AAClC,QAAM,EAAE,KAAK,IAAI,aAAa,yBAAyB,EAAE;AAEzD,SACE;AAAA,IAAC;AAAA;AAAA,MACC,eAAY;AAAA,MACZ,WAAW,SAAS,iBAAiB;AAAA,MACrC,SAAS,MAAM,UAAU,KAAK;AAAA,MAE9B,iCAAC,SAAI,WAAU,iBAAgB,SAAS,CAAC,MAAM,EAAE,gBAAgB,GAC/D,iCAAC,SAAI,WAAU,aACb;AAAA,+BAAC,SAAI,WAAU,kBACb;AAAA,iCAAC,SAAI,WAAU,wBAAwB,gBAAM,QAA7C;AAAA;AAAA;AAAA;AAAA,iBAAkD;AAAA,UAClD,uBAAC,SAAI,KAAK,MAAM,OAAO,KAAI,uBAA3B;AAAA;AAAA;AAAA;AAAA,iBAA+C;AAAA,aAFjD;AAAA;AAAA;AAAA;AAAA,eAGA;AAAA,QACA,uBAAC,SAAI,WAAU,kBACb;AAAA,iCAAC,SAAI;AAAA;AAAA,YACK,uBAAC,OAAE,WAAU,uBAAuB,gBAAM,UAA1C;AAAA;AAAA;AAAA;AAAA,mBAAiD;AAAA,eAD3D;AAAA;AAAA;AAAA;AAAA,iBAEA;AAAA,UACA,uBAAC,SAAI;AAAA;AAAA,YACM,uBAAC,OAAE,WAAU,uBAAuB,gBAAM,WAA1C;AAAA;AAAA;AAAA;AAAA,mBAAkD;AAAA,eAD7D;AAAA;AAAA;AAAA;AAAA,iBAEA;AAAA,UACA,uBAAC,SAAI;AAAA;AAAA,YACK,uBAAC,OAAE,WAAU,uBAAuB,gBAAM,UAA1C;AAAA;AAAA;AAAA;AAAA,mBAAiD;AAAA,eAD3D;AAAA;AAAA;AAAA;AAAA,iBAEA;AAAA,UACA,uBAAC,SAAI;AAAA;AAAA,YACM,uBAAC,OAAE,WAAU,uBAAuB,gBAAM,WAA1C;AAAA;AAAA;AAAA;AAAA,mBAAkD;AAAA,eAD7D;AAAA;AAAA;AAAA;AAAA,iBAEA;AAAA,UACA,uBAAC,SAAI;AAAA;AAAA,YACM,uBAAC,OAAE,WAAU,uBAAuB,gBAAM,WAA1C;AAAA;AAAA;AAAA;AAAA,mBAAkD;AAAA,eAD7D;AAAA;AAAA;AAAA;AAAA,iBAEA;AAAA,UACA,uBAAC,SAAI;AAAA;AAAA,YACO,uBAAC,OAAE,WAAU,uBAAuB,gBAAM,SAAS,QAAnD;AAAA;AAAA;AAAA;AAAA,mBAAwD;AAAA,eADpE;AAAA;AAAA;AAAA;AAAA,iBAEA;AAAA,UACA,uBAAC,SAAI;AAAA;AAAA,YACK,uBAAC,OAAE,WAAU,uBAAuB,gBAAM,OAAO,QAAjD;AAAA;AAAA;AAAA;AAAA,mBAAsD;AAAA,eADhE;AAAA;AAAA;AAAA;AAAA,iBAEA;AAAA,aArBF;AAAA;AAAA;AAAA;AAAA,eAsBA;AAAA,WA3BF;AAAA;AAAA;AAAA;AAAA,aA4BA,KA7BF;AAAA;AAAA;AAAA;AAAA,aA8BA;AAAA;AAAA,IAnCF;AAAA;AAAA;AAAA;AAAA;AAAA;AAAA;AAAA;AAAA,EAoCA;AAEJ;AAEA,eAAe;",
      "names": []
    },
    "_coverageSchema": "1a1c01bbd47fc00a2c39e90264f33305004495a9",
    "hash": "238d4d8d38cb9d4f8be928e4a6142338ddb2bce9"
  },
  "/Users/Alesun4ik/Trainee/react/src/components/Card/Card.tsx": {
    "path": "/Users/Alesun4ik/Trainee/react/src/components/Card/Card.tsx",
    "statementMap": {
      "0": {
        "start": {
          "line": 6,
          "column": 13
        },
        "end": {
          "line": 162,
          "column": 1
        }
      },
      "1": {
        "start": {
          "line": 7,
          "column": 20
        },
        "end": {
          "line": 7,
          "column": 25
        }
      },
      "2": {
        "start": {
          "line": 8,
          "column": 39
        },
        "end": {
          "line": 8,
          "column": 44
        }
      },
      "3": {
        "start": {
          "line": 9,
          "column": 40
        },
        "end": {
          "line": 9,
          "column": 55
        }
      },
      "4": {
        "start": {
          "line": 10,
          "column": 22
        },
        "end": {
          "line": 10,
          "column": 33
        }
      },
      "5": {
        "start": {
          "line": 11,
          "column": 20
        },
        "end": {
          "line": 14,
          "column": 3
        }
      },
      "6": {
        "start": {
          "line": 12,
          "column": 4
        },
        "end": {
          "line": 12,
          "column": 21
        }
      },
      "7": {
        "start": {
          "line": 13,
          "column": 4
        },
        "end": {
          "line": 13,
          "column": 25
        }
      },
      "8": {
        "start": {
          "line": 15,
          "column": 2
        },
        "end": {
          "line": 161,
          "column": 11
        }
      },
      "9": {
        "start": {
          "line": 20,
          "column": 148
        },
        "end": {
          "line": 96,
          "column": 12
        }
      },
      "10": {
        "start": {
          "line": 96,
          "column": 165
        },
        "end": {
          "line": 139,
          "column": 12
        }
      },
      "11": {
        "start": {
          "line": 111,
          "column": 143
        },
        "end": {
          "line": 111,
          "column": 164
        }
      }
    },
    "fnMap": {
      "0": {
        "name": "(anonymous_0)",
        "decl": {
          "start": {
            "line": 6,
            "column": 13
          },
          "end": {
            "line": 6,
            "column": 14
          }
        },
        "loc": {
          "start": {
            "line": 6,
            "column": 24
          },
          "end": {
            "line": 162,
            "column": 1
          }
        },
        "line": 6
      },
      "1": {
        "name": "(anonymous_1)",
        "decl": {
          "start": {
            "line": 11,
            "column": 20
          },
          "end": {
            "line": 11,
            "column": 21
          }
        },
        "loc": {
          "start": {
            "line": 11,
            "column": 35
          },
          "end": {
            "line": 14,
            "column": 3
          }
        },
        "line": 11
      },
      "2": {
        "name": "(anonymous_2)",
        "decl": {
          "start": {
            "line": 20,
            "column": 119
          },
          "end": {
            "line": 20,
            "column": 120
          }
        },
        "loc": {
          "start": {
            "line": 20,
            "column": 148
          },
          "end": {
            "line": 96,
            "column": 12
          }
        },
        "line": 20
      },
      "3": {
        "name": "(anonymous_3)",
        "decl": {
          "start": {
            "line": 96,
            "column": 136
          },
          "end": {
            "line": 96,
            "column": 137
          }
        },
        "loc": {
          "start": {
            "line": 96,
            "column": 165
          },
          "end": {
            "line": 139,
            "column": 12
          }
        },
        "line": 96
      },
      "4": {
        "name": "(anonymous_4)",
        "decl": {
          "start": {
            "line": 111,
            "column": 137
          },
          "end": {
            "line": 111,
            "column": 138
          }
        },
        "loc": {
          "start": {
            "line": 111,
            "column": 143
          },
          "end": {
            "line": 111,
            "column": 164
          }
        },
        "line": 111
      }
    },
    "branchMap": {
      "0": {
        "loc": {
          "start": {
            "line": 16,
            "column": 4
          },
          "end": {
            "line": 151,
            "column": 12
          }
        },
        "type": "cond-expr",
        "locations": [
          {
            "start": {
              "line": 16,
              "column": 32
            },
            "end": {
              "line": 20,
              "column": 12
            }
          },
          {
            "start": {
              "line": 20,
              "column": 31
            },
            "end": {
              "line": 151,
              "column": 12
            }
          }
        ],
        "line": 16
      },
      "1": {
        "loc": {
          "start": {
            "line": 20,
            "column": 101
          },
          "end": {
            "line": 147,
            "column": 12
          }
        },
        "type": "cond-expr",
        "locations": [
          {
            "start": {
              "line": 20,
              "column": 109
            },
            "end": {
              "line": 96,
              "column": 13
            }
          },
          {
            "start": {
              "line": 96,
              "column": 32
            },
            "end": {
              "line": 147,
              "column": 12
            }
          }
        ],
        "line": 20
      },
      "2": {
        "loc": {
          "start": {
            "line": 96,
            "column": 102
          },
          "end": {
            "line": 143,
            "column": 12
          }
        },
        "type": "cond-expr",
        "locations": [
          {
            "start": {
              "line": 96,
              "column": 118
            },
            "end": {
              "line": 139,
              "column": 13
            }
          },
          {
            "start": {
              "line": 139,
              "column": 32
            },
            "end": {
              "line": 143,
              "column": 12
            }
          }
        ],
        "line": 96
      }
    },
    "s": {
      "0": 135,
      "1": 296,
      "2": 296,
      "3": 296,
      "4": 296,
      "5": 296,
      "6": 14,
      "7": 14,
      "8": 296,
      "9": 0,
      "10": 1340,
      "11": 14
    },
    "f": {
      "0": 296,
      "1": 14,
      "2": 0,
      "3": 1340,
      "4": 14
    },
    "b": {
      "0": [
        188,
        108
      ],
      "1": [
        41,
        67
      ],
      "2": [
        67,
        0
      ]
    },
    "inputSourceMap": {
      "version": 3,
      "sources": [
        "/Users/Alesun4ik/Trainee/react/src/components/Card/Card.tsx"
      ],
      "mappings": "AAoBI,mBAEI,cAFJ;AAjBJ,SAAgB,gBAAgB;AAChC,OAAO,cAAc;AACrB,OAAO;AACP,OAAO,eAAe;AAEtB,MAAM,OAAO,CAAC,UAAqB;AACjC,QAAM,EAAE,MAAM,IAAI;AAClB,QAAM,EAAE,eAAe,UAAU,IAAI;AACrC,QAAM,CAAC,aAAa,cAAc,IAAI,SAAS,KAAK;AACpD,QAAM,CAAC,IAAI,KAAK,IAAI,SAAS,CAAC;AAE9B,QAAM,YAAY,CAAC,cAA4B;AAC7C,UAAM,SAAS;AACf,mBAAe,IAAI;AAAA,EACrB;AAEA,SACE,mCACG;AAAA,gBACC,uBAAC,cAAD;AAAA;AAAA;AAAA;AAAA,WAAU,IAEV,uBAAC,SAAI,eAAY,SAAQ,WAAU,SAChC,kBACC,MAAO,IAAI,CAAC,YACV,uBAAC,SAAI,eAAY,QAAO,WAAU,QAChC;AAAA,6BAAC,SAAI,WAAU,cACb;AAAA,+BAAC,SAAK,kBAAQ,eAAd;AAAA;AAAA;AAAA;AAAA,eAA0B;AAAA,QAC1B,uBAAC,SAAK,kBAAQ,YAAd;AAAA;AAAA;AAAA;AAAA,eAAuB;AAAA,WAFzB;AAAA;AAAA;AAAA;AAAA,aAGA;AAAA,MACA,uBAAC,SAAI,WAAU,eAAc;AAAA;AAAA,QAAM,QAAQ;AAAA,WAA3C;AAAA;AAAA;AAAA;AAAA,aAAmD;AAAA,MACnD,uBAAC,SAAI,WAAU,eAAc;AAAA;AAAA,QAAgB,QAAQ;AAAA,WAArD;AAAA;AAAA;AAAA;AAAA,aAA8D;AAAA,MAC9D,uBAAC,SAAI,WAAU,eAAc;AAAA;AAAA,QAAU,QAAQ;AAAA,WAA/C;AAAA;AAAA;AAAA;AAAA,aAA2D;AAAA,MAC3D,uBAAC,SAAI,WAAU,aACb;AAAA,+BAAC,SACC;AAAA,UAAC;AAAA;AAAA,YACC,WAAU;AAAA,YACV,KAAK,QAAQ;AAAA,YACb,KAAK,QAAQ;AAAA;AAAA,UAHf;AAAA;AAAA;AAAA;AAAA;AAAA;AAAA;AAAA;AAAA,QAIA,KALF;AAAA;AAAA;AAAA;AAAA,eAMA;AAAA,QACA,uBAAC,SAAI,WAAU,eAAc,wCAA7B;AAAA;AAAA;AAAA;AAAA,eAAqD;AAAA,WARvD;AAAA;AAAA;AAAA;AAAA,aASA;AAAA,SAjB4C,QAAQ,IAAtD;AAAA;AAAA;AAAA;AAAA,WAkBA,CACD,IAED,uBAAC,SAAI,eAAY,SAAQ,WAAU,SAChC,0BACC,cAAe,IAAI,CAAC,YAClB,uBAAC,SAAI,eAAY,SAAQ,WAAU,QACjC;AAAA,6BAAC,SAAI,WAAU,cACb,iCAAC,SAAK,kBAAQ,QAAd;AAAA;AAAA;AAAA;AAAA,aAAmB,KADrB;AAAA;AAAA;AAAA;AAAA,aAEA;AAAA,MACA,uBAAC,SAAI,WAAU,eAAe,kBAAQ,UAAtC;AAAA;AAAA;AAAA;AAAA,aAA6C;AAAA,MAC7C,uBAAC,SAAI,WAAU,aACb,iCAAC,SAAI,WAAU,aAAY,SAAS,MAAM,UAAU,QAAQ,EAAE,GAC5D;AAAA,QAAC;AAAA;AAAA,UACC,WAAU;AAAA,UACV,KAAK,QAAQ;AAAA,UACb,KAAI;AAAA;AAAA,QAHN;AAAA;AAAA;AAAA;AAAA;AAAA;AAAA;AAAA;AAAA,MAIA,KALF;AAAA;AAAA;AAAA;AAAA,aAMA,KAPF;AAAA;AAAA;AAAA;AAAA,aAQA;AAAA,SAb6C,QAAQ,IAAvD;AAAA;AAAA;AAAA;AAAA,WAcA,CACD,IAED,uBAAC,SAAI,6BAAL;AAAA;AAAA;AAAA;AAAA,WAAkB,KApBtB;AAAA;AAAA;AAAA;AAAA,WAsBA,KA9CJ;AAAA;AAAA;AAAA;AAAA,WAgDA;AAAA,IAEF,uBAAC,aAAU,QAAQ,aAAa,WAAW,gBAAgB,MAA3D;AAAA;AAAA;AAAA;AAAA,WAAmE;AAAA,OAtDrE;AAAA;AAAA;AAAA;AAAA,SAuDA;AAEJ;AAEA,eAAe;",
      "names": []
    },
    "_coverageSchema": "1a1c01bbd47fc00a2c39e90264f33305004495a9",
    "hash": "0f4817b86cc2fbd09b5dadd6f6ed19055499d5d6"
  },
  "/Users/Alesun4ik/Trainee/react/src/hooks/redux.ts": {
    "path": "/Users/Alesun4ik/Trainee/react/src/hooks/redux.ts",
    "statementMap": {
      "0": {
        "start": {
          "line": 2,
          "column": 30
        },
        "end": {
          "line": 2,
          "column": 49
        }
      },
      "1": {
        "start": {
          "line": 2,
          "column": 36
        },
        "end": {
          "line": 2,
          "column": 49
        }
      },
      "2": {
        "start": {
          "line": 3,
          "column": 30
        },
        "end": {
          "line": 3,
          "column": 41
        }
      }
    },
    "fnMap": {
      "0": {
        "name": "(anonymous_0)",
        "decl": {
          "start": {
            "line": 2,
            "column": 30
          },
          "end": {
            "line": 2,
            "column": 31
          }
        },
        "loc": {
          "start": {
            "line": 2,
            "column": 36
          },
          "end": {
            "line": 2,
            "column": 49
          }
        },
        "line": 2
      }
    },
    "branchMap": {},
    "s": {
      "0": 135,
      "1": 286,
      "2": 135
    },
    "f": {
      "0": 286
    },
    "b": {},
    "inputSourceMap": {
      "version": 3,
      "sources": [
        "/Users/Alesun4ik/Trainee/react/src/hooks/redux.ts"
      ],
      "mappings": "AAAA,SAA+B,aAAa,mBAAmB;AAGxD,aAAM,iBAAiB,MAAM,YAAyB;AACtD,aAAM,iBAAkD;",
      "names": []
    },
    "_coverageSchema": "1a1c01bbd47fc00a2c39e90264f33305004495a9",
    "hash": "734582b9a0f53eab3c412634cc9d6281488c89fa"
  },
  "/Users/Alesun4ik/Trainee/react/src/pages/MainPage/SearchField/SearchField.tsx": {
    "path": "/Users/Alesun4ik/Trainee/react/src/pages/MainPage/SearchField/SearchField.tsx",
    "statementMap": {
      "0": {
        "start": {
          "line": 4,
          "column": 20
        },
        "end": {
          "line": 45,
          "column": 1
        }
      },
      "1": {
        "start": {
          "line": 8,
          "column": 19
        },
        "end": {
          "line": 8,
          "column": 35
        }
      },
      "2": {
        "start": {
          "line": 9,
          "column": 29
        },
        "end": {
          "line": 9,
          "column": 46
        }
      },
      "3": {
        "start": {
          "line": 10,
          "column": 24
        },
        "end": {
          "line": 19,
          "column": 3
        }
      },
      "4": {
        "start": {
          "line": 11,
          "column": 4
        },
        "end": {
          "line": 18,
          "column": 5
        }
      },
      "5": {
        "start": {
          "line": 12,
          "column": 6
        },
        "end": {
          "line": 17,
          "column": 7
        }
      },
      "6": {
        "start": {
          "line": 13,
          "column": 22
        },
        "end": {
          "line": 13,
          "column": 41
        }
      },
      "7": {
        "start": {
          "line": 14,
          "column": 8
        },
        "end": {
          "line": 14,
          "column": 40
        }
      },
      "8": {
        "start": {
          "line": 16,
          "column": 8
        },
        "end": {
          "line": 16,
          "column": 37
        }
      },
      "9": {
        "start": {
          "line": 20,
          "column": 2
        },
        "end": {
          "line": 44,
          "column": 11
        }
      },
      "10": {
        "start": {
          "line": 20,
          "column": 78
        },
        "end": {
          "line": 20,
          "column": 96
        }
      }
    },
    "fnMap": {
      "0": {
        "name": "(anonymous_0)",
        "decl": {
          "start": {
            "line": 4,
            "column": 20
          },
          "end": {
            "line": 4,
            "column": 21
          }
        },
        "loc": {
          "start": {
            "line": 7,
            "column": 6
          },
          "end": {
            "line": 45,
            "column": 1
          }
        },
        "line": 7
      },
      "1": {
        "name": "(anonymous_1)",
        "decl": {
          "start": {
            "line": 10,
            "column": 24
          },
          "end": {
            "line": 10,
            "column": 25
          }
        },
        "loc": {
          "start": {
            "line": 10,
            "column": 35
          },
          "end": {
            "line": 19,
            "column": 3
          }
        },
        "line": 10
      },
      "2": {
        "name": "(anonymous_2)",
        "decl": {
          "start": {
            "line": 20,
            "column": 71
          },
          "end": {
            "line": 20,
            "column": 72
          }
        },
        "loc": {
          "start": {
            "line": 20,
            "column": 78
          },
          "end": {
            "line": 20,
            "column": 96
          }
        },
        "line": 20
      }
    },
    "branchMap": {
      "0": {
        "loc": {
          "start": {
            "line": 11,
            "column": 4
          },
          "end": {
            "line": 18,
            "column": 5
          }
        },
        "type": "if",
        "locations": [
          {
            "start": {
              "line": 11,
              "column": 4
            },
            "end": {
              "line": 18,
              "column": 5
            }
          },
          {
            "start": {},
            "end": {}
          }
        ],
        "line": 11
      },
      "1": {
        "loc": {
          "start": {
            "line": 12,
            "column": 6
          },
          "end": {
            "line": 17,
            "column": 7
          }
        },
        "type": "if",
        "locations": [
          {
            "start": {
              "line": 12,
              "column": 6
            },
            "end": {
              "line": 17,
              "column": 7
            }
          },
          {
            "start": {
              "line": 15,
              "column": 13
            },
            "end": {
              "line": 17,
              "column": 7
            }
          }
        ],
        "line": 12
      }
    },
    "s": {
      "0": 135,
      "1": 241,
      "2": 241,
      "3": 241,
      "4": 90,
      "5": 0,
      "6": 0,
      "7": 0,
      "8": 0,
      "9": 241,
      "10": 0
    },
    "f": {
      "0": 241,
      "1": 90,
      "2": 0
    },
    "b": {
      "0": [
        0,
        90
      ],
      "1": [
        0,
        0
      ]
    },
    "inputSourceMap": {
      "version": 3,
      "sources": [
        "/Users/Alesun4ik/Trainee/react/src/pages/MainPage/SearchField/SearchField.tsx"
      ],
      "mappings": "AAyBM;AAvBN,SAAS,sBAAsB;AAC/B,SAAS,iBAAiB;AAE1B,MAAM,cAA0C,CAAC;AAAA,EAC/C;AAAA,EACA;AACF,MAAwB;AACtB,QAAM,WAAW,eAAe;AAChC,QAAM,EAAE,eAAe,IAAI,UAAU;AAErC,QAAM,gBAAgB,CAAC,UAAqD;AAC1E,QAAK,MAAmC,QAAQ,SAAS;AACvD,UAAI,MAAM,OAAO,OAAO;AACtB,cAAM,QAAQ,OAAO,OAAO;AAC5B,iBAAS,eAAe,KAAK,CAAC;AAAA,MAChC,OAAO;AACL,iBAAS,eAAe,EAAE,CAAC;AAAA,MAC7B;AAAA,IACF;AAAA,EACF;AAEA,SACE,uBAAC,UAAK,WAAU,QAAO,UAAU,CAAC,MAAM,EAAE,eAAe,GACvD;AAAA,IAAC;AAAA;AAAA,MACC,eAAY;AAAA,MACZ,WAAU;AAAA,MACV,IAAG;AAAA,MACH,MAAK;AAAA,MACL,MAAK;AAAA,MACL;AAAA,MACA;AAAA,MACA,WAAW;AAAA;AAAA,IARb;AAAA;AAAA;AAAA;AAAA;AAAA;AAAA;AAAA;AAAA,EASA,KAVF;AAAA;AAAA;AAAA;AAAA,SAWA;AAEJ;AAEA,eAAe;",
      "names": []
    },
    "_coverageSchema": "1a1c01bbd47fc00a2c39e90264f33305004495a9",
    "hash": "699641e8132c2ab0dbaa6546bcf2a3feec984794"
  },
  "/Users/Alesun4ik/Trainee/react/src/pages/MainPage/MainPage.tsx": {
    "path": "/Users/Alesun4ik/Trainee/react/src/pages/MainPage/MainPage.tsx",
    "statementMap": {
      "0": {
        "start": {
          "line": 8,
          "column": 17
        },
        "end": {
          "line": 32,
          "column": 1
        }
      },
      "1": {
        "start": {
          "line": 9,
          "column": 26
        },
        "end": {
          "line": 9,
          "column": 75
        }
      },
      "2": {
        "start": {
          "line": 9,
          "column": 52
        },
        "end": {
          "line": 9,
          "column": 74
        }
      },
      "3": {
        "start": {
          "line": 10,
          "column": 30
        },
        "end": {
          "line": 10,
          "column": 82
        }
      },
      "4": {
        "start": {
          "line": 11,
          "column": 2
        },
        "end": {
          "line": 31,
          "column": 11
        }
      }
    },
    "fnMap": {
      "0": {
        "name": "(anonymous_0)",
        "decl": {
          "start": {
            "line": 8,
            "column": 17
          },
          "end": {
            "line": 8,
            "column": 18
          }
        },
        "loc": {
          "start": {
            "line": 8,
            "column": 23
          },
          "end": {
            "line": 32,
            "column": 1
          }
        },
        "line": 8
      },
      "1": {
        "name": "(anonymous_1)",
        "decl": {
          "start": {
            "line": 9,
            "column": 41
          },
          "end": {
            "line": 9,
            "column": 42
          }
        },
        "loc": {
          "start": {
            "line": 9,
            "column": 52
          },
          "end": {
            "line": 9,
            "column": 74
          }
        },
        "line": 9
      }
    },
    "branchMap": {},
    "s": {
      "0": 135,
      "1": 241,
      "2": 630,
      "3": 241,
      "4": 241
    },
    "f": {
      "0": 241,
      "1": 630
    },
    "b": {},
    "inputSourceMap": {
      "version": 3,
      "sources": [
        "/Users/Alesun4ik/Trainee/react/src/pages/MainPage/MainPage.tsx"
      ],
      "mappings": "AAcM;AAbN,OAAO,UAAU;AACjB,OAAO;AACP,OAAO,iBAAiB;AACxB,OAAO,kBAAkB;AACzB,OAAO,kBAAkB;AACzB,SAAS,sBAAsB;AAE/B,MAAM,WAAW,MAAM;AACrB,QAAM,EAAE,YAAY,IAAI,eAAe,CAAC,UAAU,MAAM,gBAAgB;AACxE,QAAM,EAAE,MAAM,UAAU,IAAI,aAAa,2BAA2B,WAAW;AAE/E,SACE,uBAAC,SAAI,eAAY,aACf;AAAA,2BAAC,gBAAa,OAAM,UAApB;AAAA;AAAA;AAAA;AAAA,WAA2B;AAAA,IAC3B,uBAAC,eAAY,aAAY,gBAAe,cAAc,eAAtD;AAAA;AAAA;AAAA;AAAA,WAAmE;AAAA,IACnE,uBAAC,QAAK,eAAe,MAAM,SAAS,aAApC;AAAA;AAAA;AAAA;AAAA,WAA0D;AAAA,OAH5D;AAAA;AAAA;AAAA;AAAA,SAIA;AAEJ;AAEA,eAAe;",
      "names": []
    },
    "_coverageSchema": "1a1c01bbd47fc00a2c39e90264f33305004495a9",
    "hash": "146000cc479ca515728d4071f1f600b6c464e84b"
  },
  "/Users/Alesun4ik/Trainee/react/src/pages/NotFound.tsx": {
    "path": "/Users/Alesun4ik/Trainee/react/src/pages/NotFound.tsx",
    "statementMap": {
      "0": {
        "start": {
          "line": 6,
          "column": 4
        },
        "end": {
          "line": 21,
          "column": 13
        }
      }
    },
    "fnMap": {
      "0": {
        "name": "(anonymous_0)",
        "decl": {
          "start": {
            "line": 5,
            "column": 2
          },
          "end": {
            "line": 5,
            "column": 3
          }
        },
        "loc": {
          "start": {
            "line": 5,
            "column": 11
          },
          "end": {
            "line": 22,
            "column": 3
          }
        },
        "line": 5
      }
    },
    "branchMap": {},
    "s": {
      "0": 9
    },
    "f": {
      "0": 9
    },
    "b": {},
    "inputSourceMap": {
      "version": 3,
      "sources": [
        "/Users/Alesun4ik/Trainee/react/src/pages/NotFound.tsx"
      ],
      "mappings": "AAQQ;AAPR,OAAO,WAA6B;AACpC,OAAO,kBAAkB;AAEzB,qBAAqB,iBAAiB,MAAM,UAAU;AAAA,EACpD,SAAuB;AACrB,WACE,uBAAC,SAAI,eAAY,kBACf;AAAA,6BAAC,gBAAa,OAAM,eAApB;AAAA;AAAA;AAAA;AAAA,aAAgC;AAAA,MAChC,uBAAC,QAAG,yBAAJ;AAAA;AAAA;AAAA;AAAA,aAAa;AAAA,SAFf;AAAA;AAAA;AAAA;AAAA,WAGA;AAAA,EAEJ;AACF;",
      "names": []
    },
    "_coverageSchema": "1a1c01bbd47fc00a2c39e90264f33305004495a9",
    "hash": "5ef95514571e93a491fe4f4e13e530f9d3cfcbc8"
  },
  "/Users/Alesun4ik/Trainee/react/src/entities/countries.ts": {
    "path": "/Users/Alesun4ik/Trainee/react/src/entities/countries.ts",
    "statementMap": {
      "0": {
        "start": {
          "line": 1,
          "column": 18
        },
        "end": {
          "line": 25,
          "column": 1
        }
      }
    },
    "fnMap": {},
    "branchMap": {},
    "s": {
      "0": 135
    },
    "f": {},
    "b": {},
    "inputSourceMap": {
      "version": 3,
      "sources": [
        "/Users/Alesun4ik/Trainee/react/src/entities/countries.ts"
      ],
      "mappings": "AAAA,MAAM,YAAY;AAAA,EAChB;AAAA,EACA;AAAA,EACA;AAAA,EACA;AAAA,EACA;AAAA,EACA;AAAA,EACA;AAAA,EACA;AAAA,EACA;AAAA,EACA;AAAA,EACA;AAAA,EACA;AAAA,EACA;AAAA,EACA;AAAA,EACA;AAAA,EACA;AAAA,EACA;AAAA,EACA;AAAA,EACA;AAAA,EACA;AAAA,EACA;AAAA,EACA;AAAA,EACA;AACF;AAEA,eAAe;",
      "names": []
    },
    "_coverageSchema": "1a1c01bbd47fc00a2c39e90264f33305004495a9",
    "hash": "78e98d6858f11192e239d4e56661a818e34c521c"
  },
  "/Users/Alesun4ik/Trainee/react/src/components/Form/Form.tsx": {
    "path": "/Users/Alesun4ik/Trainee/react/src/components/Form/Form.tsx",
    "statementMap": {
      "0": {
        "start": {
          "line": 7,
          "column": 13
        },
        "end": {
          "line": 446,
          "column": 1
        }
      },
      "1": {
        "start": {
          "line": 8,
          "column": 19
        },
        "end": {
          "line": 8,
          "column": 35
        }
      },
      "2": {
        "start": {
          "line": 9,
          "column": 25
        },
        "end": {
          "line": 9,
          "column": 42
        }
      },
      "3": {
        "start": {
          "line": 16,
          "column": 6
        },
        "end": {
          "line": 16,
          "column": 15
        }
      },
      "4": {
        "start": {
          "line": 17,
          "column": 38
        },
        "end": {
          "line": 17,
          "column": 53
        }
      },
      "5": {
        "start": {
          "line": 18,
          "column": 40
        },
        "end": {
          "line": 18,
          "column": 55
        }
      },
      "6": {
        "start": {
          "line": 19,
          "column": 50
        },
        "end": {
          "line": 19,
          "column": 65
        }
      },
      "7": {
        "start": {
          "line": 20,
          "column": 32
        },
        "end": {
          "line": 20,
          "column": 47
        }
      },
      "8": {
        "start": {
          "line": 21,
          "column": 19
        },
        "end": {
          "line": 24,
          "column": 3
        }
      },
      "9": {
        "start": {
          "line": 25,
          "column": 21
        },
        "end": {
          "line": 29,
          "column": 3
        }
      },
      "10": {
        "start": {
          "line": 26,
          "column": 19
        },
        "end": {
          "line": 26,
          "column": 21
        }
      },
      "11": {
        "start": {
          "line": 27,
          "column": 4
        },
        "end": {
          "line": 27,
          "column": 50
        }
      },
      "12": {
        "start": {
          "line": 28,
          "column": 4
        },
        "end": {
          "line": 28,
          "column": 21
        }
      },
      "13": {
        "start": {
          "line": 30,
          "column": 17
        },
        "end": {
          "line": 51,
          "column": 3
        }
      },
      "14": {
        "start": {
          "line": 31,
          "column": 94
        },
        "end": {
          "line": 31,
          "column": 98
        }
      },
      "15": {
        "start": {
          "line": 32,
          "column": 17
        },
        "end": {
          "line": 41,
          "column": 5
        }
      },
      "16": {
        "start": {
          "line": 42,
          "column": 4
        },
        "end": {
          "line": 42,
          "column": 31
        }
      },
      "17": {
        "start": {
          "line": 43,
          "column": 4
        },
        "end": {
          "line": 43,
          "column": 21
        }
      },
      "18": {
        "start": {
          "line": 44,
          "column": 4
        },
        "end": {
          "line": 44,
          "column": 12
        }
      },
      "19": {
        "start": {
          "line": 45,
          "column": 4
        },
        "end": {
          "line": 45,
          "column": 25
        }
      },
      "20": {
        "start": {
          "line": 46,
          "column": 4
        },
        "end": {
          "line": 46,
          "column": 26
        }
      },
      "21": {
        "start": {
          "line": 47,
          "column": 4
        },
        "end": {
          "line": 47,
          "column": 31
        }
      },
      "22": {
        "start": {
          "line": 48,
          "column": 4
        },
        "end": {
          "line": 50,
          "column": 12
        }
      },
      "23": {
        "start": {
          "line": 49,
          "column": 6
        },
        "end": {
          "line": 49,
          "column": 24
        }
      },
      "24": {
        "start": {
          "line": 52,
          "column": 22
        },
        "end": {
          "line": 60,
          "column": 3
        }
      },
      "25": {
        "start": {
          "line": 53,
          "column": 4
        },
        "end": {
          "line": 59,
          "column": 5
        }
      },
      "26": {
        "start": {
          "line": 54,
          "column": 6
        },
        "end": {
          "line": 54,
          "column": 33
        }
      },
      "27": {
        "start": {
          "line": 55,
          "column": 6
        },
        "end": {
          "line": 55,
          "column": 33
        }
      },
      "28": {
        "start": {
          "line": 57,
          "column": 6
        },
        "end": {
          "line": 57,
          "column": 33
        }
      },
      "29": {
        "start": {
          "line": 58,
          "column": 6
        },
        "end": {
          "line": 58,
          "column": 35
        }
      },
      "30": {
        "start": {
          "line": 61,
          "column": 34
        },
        "end": {
          "line": 63,
          "column": 3
        }
      },
      "31": {
        "start": {
          "line": 62,
          "column": 4
        },
        "end": {
          "line": 62,
          "column": 46
        }
      },
      "32": {
        "start": {
          "line": 64,
          "column": 2
        },
        "end": {
          "line": 445,
          "column": 11
        }
      },
      "33": {
        "start": {
          "line": 218,
          "column": 59
        },
        "end": {
          "line": 222,
          "column": 24
        }
      },
      "34": {
        "start": {
          "line": 255,
          "column": 53
        },
        "end": {
          "line": 300,
          "column": 22
        }
      },
      "35": {
        "start": {
          "line": 255,
          "column": 143
        },
        "end": {
          "line": 296,
          "column": 22
        }
      },
      "36": {
        "start": {
          "line": 270,
          "column": 41
        },
        "end": {
          "line": 270,
          "column": 71
        }
      },
      "37": {
        "start": {
          "line": 365,
          "column": 53
        },
        "end": {
          "line": 384,
          "column": 15
        }
      },
      "38": {
        "start": {
          "line": 373,
          "column": 35
        },
        "end": {
          "line": 373,
          "column": 77
        }
      }
    },
    "fnMap": {
      "0": {
        "name": "(anonymous_0)",
        "decl": {
          "start": {
            "line": 7,
            "column": 13
          },
          "end": {
            "line": 7,
            "column": 14
          }
        },
        "loc": {
          "start": {
            "line": 7,
            "column": 19
          },
          "end": {
            "line": 446,
            "column": 1
          }
        },
        "line": 7
      },
      "1": {
        "name": "(anonymous_1)",
        "decl": {
          "start": {
            "line": 25,
            "column": 21
          },
          "end": {
            "line": 25,
            "column": 22
          }
        },
        "loc": {
          "start": {
            "line": 25,
            "column": 35
          },
          "end": {
            "line": 29,
            "column": 3
          }
        },
        "line": 25
      },
      "2": {
        "name": "(anonymous_2)",
        "decl": {
          "start": {
            "line": 30,
            "column": 17
          },
          "end": {
            "line": 30,
            "column": 18
          }
        },
        "loc": {
          "start": {
            "line": 30,
            "column": 27
          },
          "end": {
            "line": 51,
            "column": 3
          }
        },
        "line": 30
      },
      "3": {
        "name": "(anonymous_3)",
        "decl": {
          "start": {
            "line": 48,
            "column": 15
          },
          "end": {
            "line": 48,
            "column": 16
          }
        },
        "loc": {
          "start": {
            "line": 48,
            "column": 21
          },
          "end": {
            "line": 50,
            "column": 5
          }
        },
        "line": 48
      },
      "4": {
        "name": "(anonymous_4)",
        "decl": {
          "start": {
            "line": 52,
            "column": 22
          },
          "end": {
            "line": 52,
            "column": 23
          }
        },
        "loc": {
          "start": {
            "line": 52,
            "column": 29
          },
          "end": {
            "line": 60,
            "column": 3
          }
        },
        "line": 52
      },
      "5": {
        "name": "(anonymous_5)",
        "decl": {
          "start": {
            "line": 61,
            "column": 34
          },
          "end": {
            "line": 61,
            "column": 35
          }
        },
        "loc": {
          "start": {
            "line": 61,
            "column": 45
          },
          "end": {
            "line": 63,
            "column": 3
          }
        },
        "line": 61
      },
      "6": {
        "name": "(anonymous_6)",
        "decl": {
          "start": {
            "line": 218,
            "column": 30
          },
          "end": {
            "line": 218,
            "column": 31
          }
        },
        "loc": {
          "start": {
            "line": 218,
            "column": 59
          },
          "end": {
            "line": 222,
            "column": 24
          }
        },
        "line": 218
      },
      "7": {
        "name": "(anonymous_7)",
        "decl": {
          "start": {
            "line": 255,
            "column": 22
          },
          "end": {
            "line": 255,
            "column": 23
          }
        },
        "loc": {
          "start": {
            "line": 255,
            "column": 53
          },
          "end": {
            "line": 300,
            "column": 22
          }
        },
        "line": 255
      },
      "8": {
        "name": "(anonymous_8)",
        "decl": {
          "start": {
            "line": 255,
            "column": 119
          },
          "end": {
            "line": 255,
            "column": 120
          }
        },
        "loc": {
          "start": {
            "line": 255,
            "column": 143
          },
          "end": {
            "line": 296,
            "column": 22
          }
        },
        "line": 255
      },
      "9": {
        "name": "(anonymous_9)",
        "decl": {
          "start": {
            "line": 270,
            "column": 34
          },
          "end": {
            "line": 270,
            "column": 35
          }
        },
        "loc": {
          "start": {
            "line": 270,
            "column": 41
          },
          "end": {
            "line": 270,
            "column": 71
          }
        },
        "line": 270
      },
      "10": {
        "name": "(anonymous_10)",
        "decl": {
          "start": {
            "line": 365,
            "column": 22
          },
          "end": {
            "line": 365,
            "column": 23
          }
        },
        "loc": {
          "start": {
            "line": 365,
            "column": 53
          },
          "end": {
            "line": 384,
            "column": 15
          }
        },
        "line": 365
      },
      "11": {
        "name": "(anonymous_11)",
        "decl": {
          "start": {
            "line": 373,
            "column": 28
          },
          "end": {
            "line": 373,
            "column": 29
          }
        },
        "loc": {
          "start": {
            "line": 373,
            "column": 35
          },
          "end": {
            "line": 373,
            "column": 77
          }
        },
        "line": 373
      }
    },
    "branchMap": {
      "0": {
        "loc": {
          "start": {
            "line": 53,
            "column": 4
          },
          "end": {
            "line": 59,
            "column": 5
          }
        },
        "type": "if",
        "locations": [
          {
            "start": {
              "line": 53,
              "column": 4
            },
            "end": {
              "line": 59,
              "column": 5
            }
          },
          {
            "start": {
              "line": 56,
              "column": 11
            },
            "end": {
              "line": 59,
              "column": 5
            }
          }
        ],
        "line": 53
      },
      "1": {
        "loc": {
          "start": {
            "line": 77,
            "column": 25
          },
          "end": {
            "line": 77,
            "column": 71
          }
        },
        "type": "cond-expr",
        "locations": [
          {
            "start": {
              "line": 77,
              "column": 44
            },
            "end": {
              "line": 77,
              "column": 51
            }
          },
          {
            "start": {
              "line": 77,
              "column": 54
            },
            "end": {
              "line": 77,
              "column": 71
            }
          }
        ],
        "line": 77
      },
      "2": {
        "loc": {
          "start": {
            "line": 107,
            "column": 79
          },
          "end": {
            "line": 111,
            "column": 16
          }
        },
        "type": "binary-expr",
        "locations": [
          {
            "start": {
              "line": 107,
              "column": 79
            },
            "end": {
              "line": 107,
              "column": 95
            }
          },
          {
            "start": {
              "line": 107,
              "column": 115
            },
            "end": {
              "line": 111,
              "column": 16
            }
          }
        ],
        "line": 107
      },
      "3": {
        "loc": {
          "start": {
            "line": 107,
            "column": 164
          },
          "end": {
            "line": 107,
            "column": 201
          }
        },
        "type": "binary-expr",
        "locations": [
          {
            "start": {
              "line": 107,
              "column": 164
            },
            "end": {
              "line": 107,
              "column": 189
            }
          },
          {
            "start": {
              "line": 107,
              "column": 193
            },
            "end": {
              "line": 107,
              "column": 201
            }
          }
        ],
        "line": 107
      },
      "4": {
        "loc": {
          "start": {
            "line": 121,
            "column": 25
          },
          "end": {
            "line": 121,
            "column": 74
          }
        },
        "type": "cond-expr",
        "locations": [
          {
            "start": {
              "line": 121,
              "column": 47
            },
            "end": {
              "line": 121,
              "column": 54
            }
          },
          {
            "start": {
              "line": 121,
              "column": 57
            },
            "end": {
              "line": 121,
              "column": 74
            }
          }
        ],
        "line": 121
      },
      "5": {
        "loc": {
          "start": {
            "line": 151,
            "column": 82
          },
          "end": {
            "line": 155,
            "column": 16
          }
        },
        "type": "binary-expr",
        "locations": [
          {
            "start": {
              "line": 151,
              "column": 82
            },
            "end": {
              "line": 151,
              "column": 101
            }
          },
          {
            "start": {
              "line": 151,
              "column": 121
            },
            "end": {
              "line": 155,
              "column": 16
            }
          }
        ],
        "line": 151
      },
      "6": {
        "loc": {
          "start": {
            "line": 151,
            "column": 170
          },
          "end": {
            "line": 151,
            "column": 210
          }
        },
        "type": "binary-expr",
        "locations": [
          {
            "start": {
              "line": 151,
              "column": 170
            },
            "end": {
              "line": 151,
              "column": 198
            }
          },
          {
            "start": {
              "line": 151,
              "column": 202
            },
            "end": {
              "line": 151,
              "column": 210
            }
          }
        ],
        "line": 151
      },
      "7": {
        "loc": {
          "start": {
            "line": 165,
            "column": 25
          },
          "end": {
            "line": 165,
            "column": 71
          }
        },
        "type": "cond-expr",
        "locations": [
          {
            "start": {
              "line": 165,
              "column": 44
            },
            "end": {
              "line": 165,
              "column": 51
            }
          },
          {
            "start": {
              "line": 165,
              "column": 54
            },
            "end": {
              "line": 165,
              "column": 71
            }
          }
        ],
        "line": 165
      },
      "8": {
        "loc": {
          "start": {
            "line": 186,
            "column": 79
          },
          "end": {
            "line": 190,
            "column": 16
          }
        },
        "type": "binary-expr",
        "locations": [
          {
            "start": {
              "line": 186,
              "column": 79
            },
            "end": {
              "line": 186,
              "column": 95
            }
          },
          {
            "start": {
              "line": 186,
              "column": 115
            },
            "end": {
              "line": 190,
              "column": 16
            }
          }
        ],
        "line": 186
      },
      "9": {
        "loc": {
          "start": {
            "line": 208,
            "column": 25
          },
          "end": {
            "line": 208,
            "column": 75
          }
        },
        "type": "cond-expr",
        "locations": [
          {
            "start": {
              "line": 208,
              "column": 47
            },
            "end": {
              "line": 208,
              "column": 54
            }
          },
          {
            "start": {
              "line": 208,
              "column": 57
            },
            "end": {
              "line": 208,
              "column": 75
            }
          }
        ],
        "line": 208
      },
      "10": {
        "loc": {
          "start": {
            "line": 234,
            "column": 84
          },
          "end": {
            "line": 238,
            "column": 18
          }
        },
        "type": "binary-expr",
        "locations": [
          {
            "start": {
              "line": 234,
              "column": 84
            },
            "end": {
              "line": 234,
              "column": 103
            }
          },
          {
            "start": {
              "line": 234,
              "column": 123
            },
            "end": {
              "line": 238,
              "column": 18
            }
          }
        ],
        "line": 234
      },
      "11": {
        "loc": {
          "start": {
            "line": 259,
            "column": 29
          },
          "end": {
            "line": 259,
            "column": 95
          }
        },
        "type": "cond-expr",
        "locations": [
          {
            "start": {
              "line": 259,
              "column": 42
            },
            "end": {
              "line": 259,
              "column": 63
            }
          },
          {
            "start": {
              "line": 259,
              "column": 66
            },
            "end": {
              "line": 259,
              "column": 95
            }
          }
        ],
        "line": 259
      },
      "12": {
        "loc": {
          "start": {
            "line": 311,
            "column": 80
          },
          "end": {
            "line": 315,
            "column": 18
          }
        },
        "type": "binary-expr",
        "locations": [
          {
            "start": {
              "line": 311,
[...]
      "13": {
        "loc": {
          "start": {
            "line": 350,
            "column": 79
          },
          "end": {
            "line": 354,
            "column": 16
          }
        },
        "type": "binary-expr",
        "locations": [
          {
            "start": {
              "line": 350,
              "column": 79
            },
            "end": {
              "line": 350,
              "column": 96
            }
          },
          {
            "start": {
              "line": 350,
              "column": 116
            },
            "end": {
              "line": 354,
              "column": 16
            }
          }
        ],
        "line": 350
      },
      "14": {
        "loc": {
          "start": {
            "line": 401,
            "column": 82
          },
          "end": {
            "line": 405,
            "column": 16
          }
        },
        "type": "binary-expr",
        "locations": [
          {
            "start": {
              "line": 401,
              "column": 82
            },
            "end": {
              "line": 401,
              "column": 101
            }
          },
          {
            "start": {
              "line": 401,
              "column": 121
            },
            "end": {
              "line": 405,
              "column": 16
            }
          }
        ],
        "line": 401
      },
      "15": {
        "loc": {
          "start": {
            "line": 432,
            "column": 46
          },
          "end": {
            "line": 436,
            "column": 17
          }
        },
        "type": "cond-expr",
        "locations": [
          {
            "start": {
              "line": 432,
              "column": 72
            },
            "end": {
              "line": 436,
              "column": 12
            }
          },
          {
            "start": {
              "line": 436,
              "column": 15
            },
            "end": {
              "line": 436,
              "column": 17
            }
          }
        ],
        "line": 432
      }
    },
    "s": {
      "0": 135,
      "1": 45,
      "2": 45,
      "3": 45,
      "4": 45,
      "5": 45,
      "6": 45,
      "7": 45,
      "8": 45,
      "9": 45,
      "10": 0,
      "11": 0,
      "12": 0,
      "13": 45,
      "14": 0,
      "15": 0,
      "16": 0,
      "17": 0,
      "18": 0,
      "19": 0,
      "20": 0,
      "21": 0,
      "22": 0,
      "23": 0,
      "24": 45,
      "25": 0,
      "26": 0,
      "27": 0,
      "28": 0,
      "29": 0,
      "30": 45,
      "31": 0,
      "32": 45,
      "33": 1035,
      "34": 45,
      "35": 90,
      "36": 0,
      "37": 45,
      "38": 0
    },
    "f": {
      "0": 45,
      "1": 0,
      "2": 0,
      "3": 0,
      "4": 0,
      "5": 0,
      "6": 1035,
      "7": 45,
      "8": 90,
      "9": 0,
      "10": 45,
      "11": 0
    },
    "b": {
      "0": [
        0,
        0
      ],
      "1": [
        4,
        41
      ],
      "2": [
        45,
        4
      ],
      "3": [
        4,
        0
      ],
      "4": [
        4,
        41
      ],
      "5": [
        45,
        4
      ],
      "6": [
        4,
        0
      ],
      "7": [
        4,
        41
      ],
      "8": [
        45,
        4
      ],
      "9": [
        4,
        41
      ],
      "10": [
        45,
        4
      ],
      "11": [
        90,
        0
      ],
      "12": [
        45,
        4
      ],
      "13": [
        45,
        4
      ],
      "14": [
        45,
        4
      ],
      "15": [
        0,
        45
      ]
    },
    "inputSourceMap": {
      "version": 3,
      "sources": [
        "/Users/Alesun4ik/Trainee/react/src/components/Form/Form.tsx"
      ],
      "mappings": "AA6EQ;AA3ER,SAAgB,gBAAgB;AAEhC,SAAwB,SAAS,kBAAkB;AACnD,OAAO,eAAe;AACtB,SAAS,iBAAiB;AAC1B,SAAS,sBAAsB;AAE/B,MAAM,OAAO,MAAM;AACjB,QAAM,WAAW,eAAe;AAChC,QAAM,EAAE,WAAW,IAAI,UAAU;AAEjC,QAAM;AAAA,IACJ;AAAA,IACA;AAAA,IACA;AAAA,IACA,WAAW,EAAE,OAAO;AAAA,IACpB;AAAA,EACF,IAAI,QAA2B;AAE/B,QAAM,CAAC,YAAY,aAAa,IAAI,SAAS,KAAK;AAClD,QAAM,CAAC,aAAa,cAAc,IAAI,SAAS,KAAK;AACpD,QAAM,CAAC,kBAAkB,mBAAmB,IAAI,SAAS,KAAK;AAC9D,QAAM,CAAC,SAAS,UAAU,IAAI,SAAS,KAAK;AAE5C,QAAM,WAAW;AAAA,IACf,EAAE,KAAK,UAAU,OAAO,YAAY,QAAQ,WAAW;AAAA,IACvD,EAAE,KAAK,QAAQ,OAAO,WAAW,QAAQ,YAAY;AAAA,EACvD;AAEA,QAAM,aAAa,CAAC,aAA+B;AACjD,UAAM,SAAS,CAAC;AAChB,WAAO,KAAK,IAAI,gBAAgB,SAAS,CAAC,CAAC,CAAC;AAC5C,WAAO,OAAO,CAAC;AAAA,EACjB;AAEA,QAAM,SAA2C,CAAC,SAAe;AAC/D,UAAM,EAAE,UAAU,aAAa,UAAU,aAAa,SAAS,WAAW,YAAY,IAAI;AAC1F,UAAM,OAA0B;AAAA,MAC9B,IAAI,KAAK,KAAK,OAAO,EAAE,SAAS,EAAE,EAAE,MAAM,CAAC;AAAA,MAC3C;AAAA,MACA;AAAA,MACA;AAAA,MACA;AAAA,MACA;AAAA,MACA,WAAW,WAAW,SAAqB;AAAA,MAC3C;AAAA,IACF;AACA,aAAS,WAAW,IAAI,CAAC;AACzB,eAAW,IAAI;AACf,UAAM;AACN,kBAAc,KAAK;AACnB,mBAAe,KAAK;AACpB,wBAAoB,KAAK;AACzB,eAAW,MAAM;AACf,iBAAW,KAAK;AAAA,IAClB,GAAG,GAAI;AAAA,EACT;AAEA,QAAM,cAAc,CAAC,MAAiD;AACpE,QAAI,EAAE,OAAO,UAAU,UAAU;AAC/B,oBAAc,CAAC,UAAU;AACzB,qBAAe,UAAU;AAAA,IAC3B,OAAO;AACL,oBAAc,WAAW;AACzB,qBAAe,CAAC,WAAW;AAAA,IAC7B;AAAA,EACF;AAEA,QAAM,0BAA0B,CAAC,UAAqD;AACpF,wBAAoB,MAAM,OAAO,OAAO;AAAA,EAC1C;AAEA,SACE,uBAAC,SACC;AAAA,2BAAC,UAAK,WAAU,aAAY,UAAU,aAAa,MAAM,GACvD;AAAA,6BAAC,SAAI,WAAU,mBAAf;AAAA;AAAA;AAAA;AAAA,aAA+B;AAAA,MAC/B,uBAAC,SAAI,WAAU,uBACb;AAAA,+BAAC,WAAM,SAAQ,QAAO,WAAU,mBAAkB;AAAA;AAAA,UAEhD;AAAA,YAAC;AAAA;AAAA,cACC,WAAW,QAAQ,WAAW,UAAU;AAAA,cACxC,IAAG;AAAA,cACH,MAAK;AAAA,cACL,aAAY;AAAA,cACX,GAAG,SAAS,YAAY;AAAA,gBACvB,UAAU;AAAA,gBACV,WAAW;AAAA,kBACT,OAAO;AAAA,kBACP,SAAS;AAAA,gBACX;AAAA,gBACA,SAAS;AAAA,kBACP,OAAO;AAAA,kBACP,SAAS;AAAA,gBACX;AAAA,cACF,CAAC;AAAA;AAAA,YAfH;AAAA;AAAA;AAAA;AAAA;AAAA;AAAA;AAAA;AAAA,UAgBA;AAAA,aAlBF;AAAA;AAAA;AAAA;AAAA,eAmBA;AAAA,QACA,uBAAC,SAAI,eAAY,cACd,kBAAQ,YACP,uBAAC,OAAE,WAAU,cAAc,kBAAQ,UAAU,WAAW,YAAxD;AAAA;AAAA;AAAA;AAAA,eAAiE,KAFrE;AAAA;AAAA;AAAA;AAAA,eAIA;AAAA,QACA,uBAAC,WAAM,SAAQ,WAAU,WAAU,mBAAkB;AAAA;AAAA,UAEnD;AAAA,YAAC;AAAA;AAAA,cACC,WAAW,QAAQ,cAAc,UAAU;AAAA,cAC3C,IAAG;AAAA,cACH,MAAK;AAAA,cACL,aAAY;AAAA,cACX,GAAG,SAAS,eAAe;AAAA,gBAC1B,UAAU;AAAA,gBACV,WAAW;AAAA,kBACT,OAAO;AAAA,kBACP,SAAS;AAAA,gBACX;AAAA,gBACA,SAAS;AAAA,kBACP,OAAO;AAAA,kBACP,SAAS;AAAA,gBACX;AAAA,cACF,CAAC;AAAA;AAAA,YAfH;AAAA;AAAA;AAAA;AAAA;AAAA;AAAA;AAAA;AAAA,UAgBA;AAAA,aAlBF;AAAA;AAAA;AAAA;AAAA,eAmBA;AAAA,QACA,uBAAC,SAAI,eAAY,iBACd,kBAAQ,eACP,uBAAC,OAAE,WAAU,cAAc,kBAAQ,aAAa,WAAW,YAA3D;AAAA;AAAA;AAAA;AAAA,eAAoE,KAFxE;AAAA;AAAA;AAAA;AAAA,eAIA;AAAA,QACA,uBAAC,WAAM,SAAQ,QAAO,WAAU,mBAAkB;AAAA;AAAA,UAEhD;AAAA,YAAC;AAAA;AAAA,cACC,WAAW,QAAQ,WAAW,UAAU;AAAA,cACxC,IAAG;AAAA,cACH,MAAK;AAAA,cACJ,GAAG,SAAS,YAAY;AAAA,gBACvB,UAAU;AAAA,cACZ,CAAC;AAAA;AAAA,YANH;AAAA;AAAA;AAAA;AAAA;AAAA;AAAA;AAAA;AAAA,UAOA;AAAA,aATF;AAAA;AAAA;AAAA;AAAA,eAUA;AAAA,QACA,uBAAC,SAAI,eAAY,cACd,kBAAQ,YAAY,uBAAC,OAAE,WAAU,cAAc,kBAAQ,UAAU,WAA7C;AAAA;AAAA;AAAA;AAAA,eAAqD,KAD5E;AAAA;AAAA;AAAA;AAAA,eAEA;AAAA,WAhEF;AAAA;AAAA;AAAA;AAAA,aAiEA;AAAA,MACA,uBAAC,SAAI,WAAU,sBACb;AAAA,+BAAC,WAAM,SAAQ,WAAU,WAAU,mBAAkB;AAAA;AAAA,UAEnD;AAAA,YAAC;AAAA;AAAA,cACC,IAAG;AAAA,cACH,cAAa;AAAA,cACb,WAAW,QAAQ,cAAc,UAAU;AAAA,cAC1C,GAAG,SAAS,eAAe;AAAA,gBAC1B,UAAU;AAAA,cACZ,CAAC;AAAA,cAED;AAAA,uCAAC,YAAO,UAAQ,MAAC,OAAM,IAAG,8BAA1B;AAAA;AAAA;AAAA;AAAA,uBAEA;AAAA,gBACC,UAAU,IAAI,CAAC,YACd,uBAAC,YAAsB,qBAAV,SAAb;AAAA;AAAA;AAAA;AAAA,uBAA+B,CAChC;AAAA;AAAA;AAAA,YAbH;AAAA;AAAA;AAAA;AAAA;AAAA;AAAA;AAAA;AAAA,UAcA;AAAA,UACA,uBAAC,SAAI,eAAY,iBACd,kBAAQ,eAAe,uBAAC,OAAE,WAAU,cAAc,kBAAQ,aAAa,WAAhD;AAAA;AAAA;AAAA;AAAA,iBAAwD,KADlF;AAAA;AAAA;AAAA;AAAA,iBAEA;AAAA,aAnBF;AAAA;AAAA;AAAA;AAAA,eAoBA;AAAA,QACA,uBAAC,SAAI,WAAU,sBACb,iCAAC,WAAM,WAAU,YACf;AAAA;AAAA,YAAC;AAAA;AAAA,cACC;AAAA,cACA,MAAK;AAAA,cACL,OAAO,EAAE,UAAU,WAAW;AAAA,cAC9B,QAAQ,CAAC,EAAE,MAAM,MACf,uBAAC,SAAI,WAAU,gBACZ,mBAAS,IAAI,CAAC,OACb,uBAAC,SACC;AAAA,gBAAC;AAAA;AAAA,kBACC,SAAS,GAAG;AAAA,kBACZ,WACE,CAAC,GAAG,SAAS,wBAAwB;AAAA,kBAGtC;AAAA,uBAAG;AAAA,oBACJ;AAAA,sBAAC;AAAA;AAAA,wBACC,WAAU;AAAA,wBACV,IAAI,GAAG;AAAA,wBACP,MAAK;AAAA,wBACL,OAAO,GAAG;AAAA,wBACT,GAAG,SAAS,WAAW,EAAE,UAAU,kBAAkB,CAAC;AAAA,wBACvD,UAAU,CAAC,MAAM,MAAM,SAAS,YAAY,CAAC,CAAC;AAAA,wBAC9C,SAAS,GAAG;AAAA;AAAA,sBAPd;AAAA;AAAA;AAAA;AAAA;AAAA;AAAA;AAAA;AAAA,oBAQA;AAAA;AAAA;AAAA,gBAfF;AAAA;AAAA;AAAA;AAAA;AAAA;AAAA;AAAA;AAAA,cAgBA,KAjBQ,GAAG,OAAb;AAAA;AAAA;AAAA;AAAA,qBAkBA,CACD,KArBH;AAAA;AAAA;AAAA;AAAA,qBAsBA;AAAA;AAAA,YA3BJ;AAAA;AAAA;AAAA;AAAA;AAAA;AAAA;AAAA;AAAA,UA6BA;AAAA,UACA,uBAAC,SAAI,eAAY,aACd,kBAAQ,WAAW,uBAAC,OAAE,WAAU,cAAc,kBAAQ,SAAS,WAA5C;AAAA;AAAA;AAAA;AAAA,iBAAoD,KAD1E;AAAA;AAAA;AAAA;AAAA,iBAEA;AAAA,aAjCF;AAAA;AAAA;AAAA;AAAA,eAkCA,KAnCF;AAAA;AAAA;AAAA;AAAA,eAoCA;AAAA,QACA;AAAA,UAAC;AAAA;AAAA,YACC,eAAY;AAAA,YACZ,IAAG;AAAA,YACH,MAAK;AAAA,YACL,QAAO;AAAA,YACP,WAAU;AAAA,YACT,GAAG,SAAS,aAAa;AAAA,cACxB,UAAU;AAAA,YACZ,CAAC;AAAA;AAAA,UARH;AAAA;AAAA;AAAA;AAAA;AAAA;AAAA;AAAA;AAAA,QASA;AAAA,QACA,uBAAC,SAAI,eAAY,cACd,kBAAQ,aAAa,uBAAC,OAAE,WAAU,cAAc,kBAAQ,WAAW,WAA9C;AAAA;AAAA;AAAA;AAAA,eAAsD,KAD9E;AAAA;AAAA;AAAA;AAAA,eAEA;AAAA,QACA,uBAAC,WAAM,SAAQ,iBAAgB,WAAU,4BACvC;AAAA;AAAA,YAAC;AAAA;AAAA,cACC;AAAA,cACA,MAAK;AAAA,cACL,QAAQ,CAAC,EAAE,MAAM,MACf;AAAA,gBAAC;AAAA;AAAA,kBACC,eAAY;AAAA,kBACZ,WAAU;AAAA,kBACV,IAAG;AAAA,kBACH,MAAK;AAAA,kBACJ,GAAG,SAAS,eAAe,EAAE,UAAU,sBAAsB,CAAC;AAAA,kBAC/D,UAAU,CAAC,MAAM,MAAM,SAAS,wBAAwB,CAAC,CAAC;AAAA,kBAC1D,SAAS;AAAA;AAAA,gBAPX;AAAA;AAAA;AAAA;AAAA;AAAA;AAAA;AAAA;AAAA,cAQA;AAAA;AAAA,YAZJ;AAAA;AAAA;AAAA;AAAA;AAAA;AAAA;AAAA;AAAA,UAcA;AAAA,UAAE;AAAA,aAfJ;AAAA;AAAA;AAAA;AAAA,eAiBA;AAAA,QACA,uBAAC,SAAI,eAAY,iBACd,kBAAQ,eAAe,uBAAC,OAAE,WAAU,cAAc,kBAAQ,aAAa,WAAhD;AAAA;AAAA;AAAA;AAAA,eAAwD,KADlF;AAAA;AAAA;AAAA;AAAA,eAEA;AAAA,WA5FF;AAAA;AAAA;AAAA;AAAA,aA6FA;AAAA,MACA,uBAAC,YAAO,MAAK,UAAS,WAAU,oBAC9B;AAAA,+BAAC,SAAI,WAAU,6BAAf;AAAA;AAAA;AAAA;AAAA,eAAyC;AAAA,QAAE;AAAA,WAD7C;AAAA;AAAA;AAAA;AAAA,aAGA;AAAA,SArKF;AAAA;AAAA;AAAA;AAAA,WAsKA;AAAA,IACA,uBAAC,SAAK,oBAAU,uBAAC,QAAG,WAAU,cAAa,2CAA3B;AAAA;AAAA;AAAA;AAAA,WAAsD,IAAQ,MAA9E;AAAA;AAAA;AAAA;AAAA,WAAiF;AAAA,OAxKnF;AAAA;AAAA;AAAA;AAAA,SAyKA;AAEJ;AAEA,eAAe;",
      "names": []
    },
    "_coverageSchema": "1a1c01bbd47fc00a2c39e90264f33305004495a9",
    "hash": "c8276a6dbedc568a23c3910f137b6927349d3494"
  },
  "/Users/Alesun4ik/Trainee/react/src/pages/UserForm/UserForm.tsx": {
    "path": "/Users/Alesun4ik/Trainee/react/src/pages/UserForm/UserForm.tsx",
    "statementMap": {
      "0": {
        "start": {
          "line": 8,
          "column": 17
        },
        "end": {
          "line": 63,
          "column": 1
        }
      },
      "1": {
        "start": {
          "line": 9,
          "column": 20
        },
        "end": {
          "line": 9,
          "column": 69
        }
      },
      "2": {
        "start": {
          "line": 9,
          "column": 46
        },
        "end": {
          "line": 9,
          "column": 68
        }
      },
      "3": {
        "start": {
          "line": 10,
          "column": 19
        },
        "end": {
          "line": 10,
          "column": 32
        }
      },
      "4": {
        "start": {
          "line": 11,
          "column": 2
        },
        "end": {
          "line": 46,
          "column": 3
        }
      },
      "5": {
        "start": {
          "line": 12,
          "column": 20
        },
        "end": {
          "line": 12,
          "column": 46
        }
      },
      "6": {
        "start": {
          "line": 13,
          "column": 4
        },
        "end": {
          "line": 45,
          "column": 13
        }
      },
      "7": {
        "start": {
          "line": 47,
          "column": 2
        },
        "end": {
          "line": 62,
          "column": 11
        }
      }
    },
    "fnMap": {
      "0": {
        "name": "(anonymous_0)",
        "decl": {
          "start": {
            "line": 8,
            "column": 17
          },
          "end": {
            "line": 8,
            "column": 18
          }
        },
        "loc": {
          "start": {
            "line": 8,
            "column": 23
          },
          "end": {
            "line": 63,
            "column": 1
          }
        },
        "line": 8
      },
      "1": {
        "name": "(anonymous_1)",
        "decl": {
          "start": {
            "line": 9,
            "column": 35
          },
          "end": {
            "line": 9,
            "column": 36
          }
        },
        "loc": {
          "start": {
            "line": 9,
            "column": 46
          },
          "end": {
            "line": 9,
            "column": 68
          }
        },
        "line": 9
      }
    },
    "branchMap": {
      "0": {
        "loc": {
          "start": {
            "line": 11,
            "column": 2
          },
          "end": {
            "line": 46,
            "column": 3
          }
        },
        "type": "if",
        "locations": [
          {
            "start": {
              "line": 11,
              "column": 2
            },
            "end": {
              "line": 46,
              "column": 3
            }
          },
          {
            "start": {},
            "end": {}
          }
        ],
        "line": 11
      }
    },
    "s": {
      "0": 135,
      "1": 41,
      "2": 120,
      "3": 41,
      "4": 41,
      "5": 41,
      "6": 41,
      "7": 0
    },
    "f": {
      "0": 41,
      "1": 120
    },
    "b": {
      "0": [
        41,
        0
      ]
    },
    "inputSourceMap": {
      "version": 3,
      "sources": [
        "/Users/Alesun4ik/Trainee/react/src/pages/UserForm/UserForm.tsx"
      ],
      "mappings": "AAgBQ;AAhBR,SAAS,mBAAmB;AAE5B,OAAO,kBAAkB;AACzB,OAAO,UAAU;AACjB,OAAO,UAAU;AACjB,OAAO;AACP,SAAS,sBAAsB;AAE/B,MAAM,WAAW,MAAM;AACrB,QAAM,EAAE,MAAM,IAAI,eAAe,CAAC,UAAU,MAAM,gBAAgB;AAClE,QAAM,WAAW,YAAY;AAE7B,MAAI,UAAU;AACZ,UAAM,UAAU,SAAS,SAAS,MAAM,CAAC;AACzC,WACE,uBAAC,SAAI,eAAY,aACf;AAAA,6BAAC,gBAAa,OAAO,WAArB;AAAA;AAAA;AAAA;AAAA,aAA8B;AAAA,MAC9B,uBAAC,SAAI,WAAU,WACb,iCAAC,SAAI,WAAU,gBACb,iCAAC,UAAD;AAAA;AAAA;AAAA;AAAA,aAAM,KADR;AAAA;AAAA;AAAA;AAAA,aAEA,KAHF;AAAA;AAAA;AAAA;AAAA,aAIA;AAAA,MACA,uBAAC,SAAI,WAAU,mBACb,iCAAC,QAAK,SAAN;AAAA;AAAA;AAAA;AAAA,aAAoB,KADtB;AAAA;AAAA;AAAA;AAAA,aAEA;AAAA,SATF;AAAA;AAAA;AAAA;AAAA,WAUA;AAAA,EAEJ;AACA,SACE,uBAAC,SAAI,eAAY,aACf;AAAA,2BAAC,gBAAa,OAAM,eAApB;AAAA;AAAA;AAAA;AAAA,WAAgC;AAAA,IAChC,uBAAC,QAAG,yBAAJ;AAAA;AAAA;AAAA;AAAA,WAAa;AAAA,OAFf;AAAA;AAAA;AAAA;AAAA,SAGA;AAEJ;AAEA,eAAe;",
      "names": []
    },
    "_coverageSchema": "1a1c01bbd47fc00a2c39e90264f33305004495a9",
    "hash": "8b6985142dc77cdcaecfc58c6858d5d383e2d5b7"
  },
  "/Users/Alesun4ik/Trainee/react/src/router/AppRouter.tsx": {
    "path": "/Users/Alesun4ik/Trainee/react/src/router/AppRouter.tsx",
    "statementMap": {
      "0": {
        "start": {
          "line": 10,
          "column": 4
        },
        "end": {
          "line": 51,
          "column": 13
        }
      }
    },
    "fnMap": {
      "0": {
        "name": "(anonymous_0)",
        "decl": {
          "start": {
            "line": 9,
            "column": 2
          },
          "end": {
            "line": 9,
            "column": 3
          }
        },
        "loc": {
          "start": {
            "line": 9,
            "column": 11
          },
          "end": {
            "line": 52,
            "column": 3
          }
        },
        "line": 9
      }
    },
    "branchMap": {},
    "s": {
      "0": 135
    },
    "f": {
      "0": 135
    },
    "b": {},
    "inputSourceMap": {
      "version": 3,
      "sources": [
        "/Users/Alesun4ik/Trainee/react/src/router/AppRouter.tsx"
      ],
      "mappings": "AAW8B;AAX9B,SAAS,OAAO,cAAc;AAC9B,OAAO,WAA6B;AACpC,OAAO,aAAa;AACpB,OAAO,cAAc;AACrB,OAAO,cAAc;AACrB,OAAO,cAAc;AAErB,qBAAqB,kBAAkB,MAAM,UAAU;AAAA,EACrD,SAAuB;AACrB,WACE,uBAAC,UACC;AAAA,6BAAC,SAAM,OAAK,MAAC,SAAS,uBAAC,cAAD;AAAA;AAAA;AAAA;AAAA,aAAU,KAAhC;AAAA;AAAA;AAAA;AAAA,aAAoC;AAAA,MACpC,uBAAC,SAAM,MAAK,UAAS,SAAS,uBAAC,aAAD;AAAA;AAAA;AAAA;AAAA,aAAS,KAAvC;AAAA;AAAA;AAAA;AAAA,aAA2C;AAAA,MAC3C,uBAAC,SAAM,MAAK,SAAQ,SAAS,uBAAC,cAAD;AAAA;AAAA;AAAA;AAAA,aAAU,KAAvC;AAAA;AAAA;AAAA;AAAA,aAA2C;AAAA,MAC3C,uBAAC,SAAM,MAAK,MAAK,SAAS,uBAAC,cAAD;AAAA;AAAA;AAAA;AAAA,aAAU,KAApC;AAAA;AAAA;AAAA;AAAA,aAAwC;AAAA,SAJ1C;AAAA;AAAA;AAAA;AAAA,WAKA;AAAA,EAEJ;AACF;",
      "names": []
    },
    "_coverageSchema": "1a1c01bbd47fc00a2c39e90264f33305004495a9",
    "hash": "aa090a814d5b3d5931dc8df15104a8a8af074407"
  },
  "/Users/Alesun4ik/Trainee/react/src/App.tsx": {
    "path": "/Users/Alesun4ik/Trainee/react/src/App.tsx",
    "statementMap": {
      "0": {
        "start": {
          "line": 5,
          "column": 14
        },
        "end": {
          "line": 5,
          "column": 26
        }
      },
      "1": {
        "start": {
          "line": 6,
          "column": 12
        },
        "end": {
          "line": 81,
          "column": 1
        }
      },
      "2": {
        "start": {
          "line": 7,
          "column": 2
        },
        "end": {
          "line": 80,
          "column": 11
        }
      }
    },
    "fnMap": {
      "0": {
        "name": "(anonymous_0)",
        "decl": {
          "start": {
            "line": 6,
            "column": 12
          },
          "end": {
            "line": 6,
            "column": 13
          }
        },
        "loc": {
          "start": {
            "line": 6,
            "column": 18
          },
          "end": {
            "line": 81,
            "column": 1
          }
        },
        "line": 6
      }
    },
    "branchMap": {},
    "s": {
      "0": 135,
      "1": 135,
      "2": 405
    },
    "f": {
      "0": 405
    },
    "b": {},
    "inputSourceMap": {
      "version": 3,
      "sources": [
        "/Users/Alesun4ik/Trainee/react/src/App.tsx"
      ],
      "mappings": "AAWQ;AAXR,SAAS,gBAAgB;AAEzB,OAAO,eAAe;AACtB,SAAS,kBAAkB;AAE3B,MAAM,QAAQ,WAAW;AAEzB,MAAM,MAAM,MAAM;AAChB,SACE,uBAAC,UAAK,MAAK,MACT;AAAA,2BAAC,UACC;AAAA,6BAAC,UAAK,SAAQ,WAAd;AAAA;AAAA;AAAA;AAAA,aAAsB;AAAA,MACtB,uBAAC,UAAK,KAAI,QAAO,MAAK,iBAAgB,MAAK,eAA3C;AAAA;AAAA;AAAA;AAAA,aAAuD;AAAA,MACvD,uBAAC,UAAK,MAAK,YAAW,SAAQ,2CAA9B;AAAA;AAAA;AAAA;AAAA,aAAsE;AAAA,MACtE,uBAAC,UAAK,KAAI,cAAa,MAAK,kCAA5B;AAAA;AAAA;AAAA;AAAA,aAA2D;AAAA,MAC3D,uBAAC,UAAK,KAAI,cAAa,MAAK,+BAA5B;AAAA;AAAA;AAAA;AAAA,aAAwD;AAAA,MACxD;AAAA,QAAC;AAAA;AAAA,UACC,MAAK;AAAA,UACL,KAAI;AAAA;AAAA,QAFN;AAAA;AAAA;AAAA;AAAA;AAAA;AAAA;AAAA;AAAA,MAGA;AAAA,MACA,uBAAC,WAAM,gCAAP;AAAA;AAAA;AAAA;AAAA,aAAuB;AAAA,SAVzB;AAAA;AAAA;AAAA;AAAA,WAWA;AAAA,IAEA,uBAAC,UACC,iCAAC,SACC,iCAAC,YAAS,OACR,iCAAC,eAAD;AAAA;AAAA;AAAA;AAAA,WAAW,KADb;AAAA;AAAA;AAAA;AAAA,WAEA,KAHF;AAAA;AAAA;AAAA;AAAA,WAIA,KALF;AAAA;AAAA;AAAA;AAAA,WAMA;AAAA,OApBF;AAAA;AAAA;AAAA;AAAA,SAqBA;AAEJ;AAEA,eAAe;",
      "names": []
    },
    "_coverageSchema": "1a1c01bbd47fc00a2c39e90264f33305004495a9",
    "hash": "34cbd9ca865b8807d5c32d741cef712927326211"
  },
  "/Users/Alesun4ik/Trainee/react/src/entry-client.tsx": {
    "path": "/Users/Alesun4ik/Trainee/react/src/entry-client.tsx",
    "statementMap": {
      "0": {
        "start": {
          "line": 7,
          "column": 14
        },
        "end": {
          "line": 7,
          "column": 26
        }
      },
      "1": {
        "start": {
          "line": 8,
          "column": 0
        },
        "end": {
          "line": 23,
          "column": 2
        }
      }
    },
    "fnMap": {},
    "branchMap": {},
    "s": {
      "0": 135,
      "1": 135
    },
    "f": {},
    "b": {},
    "inputSourceMap": {
      "version": 3,
      "sources": [
        "/Users/Alesun4ik/Trainee/react/src/entry-client.tsx"
      ],
      "mappings": "AAcM;AAdN,SAAS,mBAAmB;AAC5B,SAAS,qBAAqB;AAE9B,SAAS,gBAAgB;AACzB,SAAS,kBAAkB;AAE3B,OAAO,SAAS;AAEhB,MAAM,QAAQ,WAAW;AAEzB;AAAA,EACE;AAAA,EACA,uBAAC,YAAS,OACR,iCAAC,iBACC,iCAAC,SAAD;AAAA;AAAA;AAAA;AAAA,SAAK,KADP;AAAA;AAAA;AAAA;AAAA,SAEA,KAHF;AAAA;AAAA;AAAA;AAAA,SAIA;AACF;",
      "names": []
    },
    "_coverageSchema": "1a1c01bbd47fc00a2c39e90264f33305004495a9",
    "hash": "e68d2cdadeb5b86a1f81b9b048cc8ad3fd1cf5a6"
  }
}