<?xml version="1.0" encoding="UTF-8"?>
<coverage generated="1683061511411" clover="3.2.0">
  <project timestamp="1683061511411" name="All files">
    <metrics statements="136" coveredstatements="84" conditionals="49" coveredconditionals="35" methods="57" coveredmethods="31" elements="242" coveredelements="150" complexity="0" loc="136" ncloc="136" packages="16" files="19" classes="19"/>
    <package name="src">
      <metrics statements="5" coveredstatements="5" conditionals="0" coveredconditionals="0" methods="1" coveredmethods="1"/>
      <file name="App.tsx" path="/Users/Alesun4ik/Trainee/react/src/App.tsx">
        <metrics statements="3" coveredstatements="3" conditionals="0" coveredconditionals="0" methods="1" coveredmethods="1"/>
        <line num="6" count="135" type="stmt"/>
        <line num="8" count="135" type="stmt"/>
        <line num="9" count="405" type="stmt"/>
      </file>
      <file name="entry-client.tsx" path="/Users/Alesun4ik/Trainee/react/src/entry-client.tsx">
        <metrics statements="2" coveredstatements="2" conditionals="0" coveredconditionals="0" methods="0" coveredmethods="0"/>
        <line num="9" count="135" type="stmt"/>
        <line num="11" count="135" type="stmt"/>
      </file>
    </package>
    <package name="src.components.Card">
      <metrics statements="12" coveredstatements="11" conditionals="6" coveredconditionals="5" methods="5" coveredmethods="4"/>
      <file name="Card.tsx" path="/Users/Alesun4ik/Trainee/react/src/components/Card/Card.tsx">
        <metrics statements="12" coveredstatements="11" conditionals="6" coveredconditionals="5" methods="5" coveredmethods="4"/>
        <line num="9" count="135" type="stmt"/>
        <line num="10" count="296" type="stmt"/>
        <line num="11" count="296" type="stmt"/>
        <line num="12" count="296" type="stmt"/>
        <line num="13" count="296" type="stmt"/>
        <line num="15" count="296" type="stmt"/>
        <line num="16" count="14" type="stmt"/>
        <line num="17" count="14" type="stmt"/>
        <line num="20" count="296" type="stmt"/>
        <line num="28" count="0" type="stmt"/>
        <line num="52" count="1340" type="stmt"/>
        <line num="58" count="14" type="stmt"/>
      </file>
    </package>
    <package name="src.components.CardModal">
      <metrics statements="6" coveredstatements="4" conditionals="2" coveredconditionals="2" methods="3" coveredmethods="1"/>
      <file name="CardModal.tsx" path="/Users/Alesun4ik/Trainee/react/src/components/CardModal/CardModal.tsx">
        <metrics statements="6" coveredstatements="4" conditionals="2" coveredconditionals="2" methods="3" coveredmethods="1"/>
        <line num="13" count="135" type="stmt"/>
        <line num="14" count="389" type="stmt"/>
        <line num="15" count="389" type="stmt"/>
        <line num="17" count="389" type="stmt"/>
        <line num="21" count="0" type="stmt"/>
        <line num="23" count="0" type="stmt"/>
      </file>
    </package>
    <package name="src.components.Form">
      <metrics statements="39" coveredstatements="18" conditionals="32" coveredconditionals="26" methods="12" coveredmethods="5"/>
      <file name="Form.tsx" path="/Users/Alesun4ik/Trainee/react/src/components/Form/Form.tsx">
        <metrics statements="39" coveredstatements="18" conditionals="32" coveredconditionals="26" methods="12" coveredmethods="5"/>
        <line num="10" count="135" type="stmt"/>
        <line num="11" count="45" type="stmt"/>
        <line num="12" count="45" type="stmt"/>
        <line num="20" count="45" type="stmt"/>
        <line num="22" count="45" type="stmt"/>
        <line num="23" count="45" type="stmt"/>
        <line num="24" count="45" type="stmt"/>
        <line num="25" count="45" type="stmt"/>
        <line num="27" count="45" type="stmt"/>
        <line num="32" count="45" type="stmt"/>
        <line num="33" count="0" type="stmt"/>
        <line num="34" count="0" type="stmt"/>
        <line num="35" count="0" type="stmt"/>
        <line num="38" count="45" type="stmt"/>
        <line num="39" count="0" type="stmt"/>
        <line num="40" count="0" type="stmt"/>
        <line num="50" count="0" type="stmt"/>
        <line num="51" count="0" type="stmt"/>
        <line num="52" count="0" type="stmt"/>
        <line num="53" count="0" type="stmt"/>
        <line num="54" count="0" type="stmt"/>
        <line num="55" count="0" type="stmt"/>
        <line num="56" count="0" type="stmt"/>
        <line num="57" count="0" type="stmt"/>
        <line num="61" count="45" type="stmt"/>
        <line num="62" count="0" type="cond" truecount="0" falsecount="2"/>
        <line num="63" count="0" type="stmt"/>
        <line num="64" count="0" type="stmt"/>
        <line num="66" count="0" type="stmt"/>
        <line num="67" count="0" type="stmt"/>
        <line num="71" count="45" type="stmt"/>
        <line num="72" count="0" type="stmt"/>
        <line num="75" count="45" type="stmt"/>
        <line num="160" count="1035" type="stmt"/>
        <line num="174" count="45" type="stmt"/>
        <line num="176" count="90" type="stmt"/>
        <line num="190" count="0" type="stmt"/>
        <line num="222" count="45" type="stmt"/>
        <line num="228" count="0" type="stmt"/>
      </file>
    </package>
    <package name="src.components.Header">
      <metrics statements="3" coveredstatements="3" conditionals="0" coveredconditionals="0" methods="1" coveredmethods="1"/>
      <file name="Header.tsx" path="/Users/Alesun4ik/Trainee/react/src/components/Header/Header.tsx">
        <metrics statements="3" coveredstatements="3" conditionals="0" coveredconditionals="0" methods="1" coveredmethods="1"/>
        <line num="6" count="135" type="stmt"/>
        <line num="7" count="300" type="stmt"/>
        <line num="8" count="300" type="stmt"/>
      </file>
    </package>
    <package name="src.components.Loader">
      <metrics statements="2" coveredstatements="2" conditionals="0" coveredconditionals="0" methods="1" coveredmethods="1"/>
      <file name="Loader.tsx" path="/Users/Alesun4ik/Trainee/react/src/components/Loader/Loader.tsx">
        <metrics statements="2" coveredstatements="2" conditionals="0" coveredconditionals="0" methods="1" coveredmethods="1"/>
        <line num="4" count="135" type="stmt"/>
        <line num="5" count="188" type="stmt"/>
      </file>
    </package>
    <package name="src.entities">
      <metrics statements="1" coveredstatements="1" conditionals="0" coveredconditionals="0" methods="0" coveredmethods="0"/>
      <file name="countries.ts" path="/Users/Alesun4ik/Trainee/react/src/entities/countries.ts">
        <metrics statements="1" coveredstatements="1" conditionals="0" coveredconditionals="0" methods="0" coveredmethods="0"/>
        <line num="1" count="135" type="stmt"/>
      </file>
    </package>
    <package name="src.hooks">
      <metrics statements="2" coveredstatements="2" conditionals="0" coveredconditionals="0" methods="1" coveredmethods="1"/>
      <file name="redux.ts" path="/Users/Alesun4ik/Trainee/react/src/hooks/redux.ts">
        <metrics statements="2" coveredstatements="2" conditionals="0" coveredconditionals="0" methods="1" coveredmethods="1"/>
        <line num="4" count="286" type="stmt"/>
        <line num="5" count="135" type="stmt"/>
      </file>
    </package>
    <package name="src.pages">
      <metrics statements="7" coveredstatements="6" conditionals="1" coveredconditionals="1" methods="2" coveredmethods="2"/>
      <file name="AboutUs.tsx" path="/Users/Alesun4ik/Trainee/react/src/pages/AboutUs.tsx">
        <metrics statements="6" coveredstatements="5" conditionals="1" coveredconditionals="1" methods="1" coveredmethods="1"/>
        <line num="5" count="135" type="stmt"/>
        <line num="6" count="9" type="stmt"/>
        <line num="7" count="9" type="cond" truecount="1" falsecount="0"/>
        <line num="8" count="9" type="stmt"/>
        <line num="9" count="9" type="stmt"/>
        <line num="16" count="0" type="stmt"/>
      </file>
      <file name="NotFound.tsx" path="/Users/Alesun4ik/Trainee/react/src/pages/NotFound.tsx">
        <metrics statements="1" coveredstatements="1" conditionals="0" coveredconditionals="0" methods="1" coveredmethods="1"/>
        <line num="7" count="9" type="stmt"/>
      </file>
    </package>
    <package name="src.pages.MainPage">
      <metrics statements="4" coveredstatements="4" conditionals="0" coveredconditionals="0" methods="2" coveredmethods="2"/>
      <file name="MainPage.tsx" path="/Users/Alesun4ik/Trainee/react/src/pages/MainPage/MainPage.tsx">
        <metrics statements="4" coveredstatements="4" conditionals="0" coveredconditionals="0" methods="2" coveredmethods="2"/>
        <line num="9" count="135" type="stmt"/>
        <line num="10" count="630" type="stmt"/>
        <line num="11" count="241" type="stmt"/>
        <line num="13" count="241" type="stmt"/>
      </file>
    </package>
    <package name="src.pages.MainPage.SearchField">
      <metrics statements="11" coveredstatements="6" conditionals="3" coveredconditionals="0" methods="3" coveredmethods="2"/>
      <file name="SearchField.tsx" path="/Users/Alesun4ik/Trainee/react/src/pages/MainPage/SearchField/SearchField.tsx">
        <metrics statements="11" coveredstatements="6" conditionals="3" coveredconditionals="0" methods="3" coveredmethods="2"/>
        <line num="6" count="135" type="stmt"/>
        <line num="10" count="241" type="stmt"/>
        <line num="11" count="241" type="stmt"/>
        <line num="13" count="241" type="stmt"/>
        <line num="14" count="90" type="cond" truecount="0" falsecount="1"/>
        <line num="15" count="0" type="cond" truecount="0" falsecount="2"/>
        <line num="16" count="0" type="stmt"/>
        <line num="17" count="0" type="stmt"/>
        <line num="19" count="0" type="stmt"/>
        <line num="24" count="241" type="stmt"/>
        <line num="25" count="0" type="stmt"/>
      </file>
    </package>
    <package name="src.pages.UserForm">
      <metrics statements="7" coveredstatements="6" conditionals="1" coveredconditionals="1" methods="2" coveredmethods="2"/>
      <file name="UserForm.tsx" path="/Users/Alesun4ik/Trainee/react/src/pages/UserForm/UserForm.tsx">
        <metrics statements="7" coveredstatements="6" conditionals="1" coveredconditionals="1" methods="2" coveredmethods="2"/>
        <line num="9" count="135" type="stmt"/>
        <line num="10" count="120" type="stmt"/>
        <line num="11" count="41" type="stmt"/>
        <line num="13" count="41" type="cond" truecount="1" falsecount="0"/>
        <line num="14" count="41" type="stmt"/>
        <line num="15" count="41" type="stmt"/>
        <line num="29" count="0" type="stmt"/>
      </file>
    </package>
    <package name="src.router">
      <metrics statements="1" coveredstatements="1" conditionals="0" coveredconditionals="0" methods="1" coveredmethods="1"/>
      <file name="AppRouter.tsx" path="/Users/Alesun4ik/Trainee/react/src/router/AppRouter.tsx">
        <metrics statements="1" coveredstatements="1" conditionals="0" coveredconditionals="0" methods="1" coveredmethods="1"/>
        <line num="10" count="135" type="stmt"/>
      </file>
    </package>
    <package name="src.services">
      <metrics statements="4" coveredstatements="4" conditionals="0" coveredconditionals="0" methods="3" coveredmethods="3"/>
      <file name="CharacterService.ts" path="/Users/Alesun4ik/Trainee/react/src/services/CharacterService.ts">
        <metrics statements="4" coveredstatements="4" conditionals="0" coveredconditionals="0" methods="3" coveredmethods="3"/>
        <line num="4" count="135" type="stmt"/>
        <line num="7" count="135" type="stmt"/>
        <line num="9" count="94" type="stmt"/>
        <line num="18" count="119" type="stmt"/>
      </file>
    </package>
    <package name="src.store">
      <metrics statements="4" coveredstatements="4" conditionals="0" coveredconditionals="0" methods="2" coveredmethods="2"/>
      <file name="store.ts" path="/Users/Alesun4ik/Trainee/react/src/store/store.ts">
        <metrics statements="4" coveredstatements="4" conditionals="0" coveredconditionals="0" methods="2" coveredmethods="2"/>
        <line num="5" count="135" type="stmt"/>
        <line num="10" count="135" type="stmt"/>
        <line num="11" count="270" type="stmt"/>
        <line num="13" count="270" type="stmt"/>
      </file>
    </package>
    <package name="src.store.reducers">
      <metrics statements="28" coveredstatements="7" conditionals="4" coveredconditionals="0" methods="18" coveredmethods="3"/>
      <file name="ActionCreators.ts" path="/Users/Alesun4ik/Trainee/react/src/store/reducers/ActionCreators.ts">
        <metrics statements="12" coveredstatements="2" conditionals="4" coveredconditionals="0" methods="8" coveredmethods="0"/>
        <line num="3" count="135" type="stmt"/>
        <line num="6" count="0" type="stmt"/>
        <line num="11" count="0" type="stmt"/>
        <line num="14" count="0" type="stmt"/>
        <line num="17" count="0" type="stmt"/>
        <line num="21" count="0" type="stmt"/>
        <line num="25" count="135" type="stmt"/>
        <line num="28" count="0" type="stmt"/>
        <line num="33" count="0" type="stmt"/>
        <line num="36" count="0" type="stmt"/>
        <line num="39" count="0" type="stmt"/>
        <line num="43" count="0" type="stmt"/>
      </file>
      <file name="UserSlice.ts" path="/Users/Alesun4ik/Trainee/react/src/store/reducers/UserSlice.ts">
        <metrics statements="16" coveredstatements="5" conditionals="0" coveredconditionals="0" methods="10" coveredmethods="3"/>
        <line num="16" count="135" type="stmt"/>
        <line num="47" count="1151" type="stmt"/>
        <line num="50" count="135" type="stmt"/>
        <line num="55" count="0" type="stmt"/>
        <line num="58" count="0" type="stmt"/>
        <line num="62" count="135" type="stmt"/>
        <line num="64" count="0" type="stmt"/>
        <line num="65" count="0" type="stmt"/>
        <line num="66" count="0" type="stmt"/>
        <line num="69" count="0" type="stmt"/>
        <line num="72" count="135" type="stmt"/>
        <line num="74" count="0" type="stmt"/>
        <line num="75" count="0" type="stmt"/>
        <line num="76" count="0" type="stmt"/>
        <line num="79" count="0" type="stmt"/>
        <line num="82" count="0" type="stmt"/>
      </file>
    </package>
  </project>
</coverage>
