{"total": {"lines":{"total":136,"covered":75,"skipped":0,"pct":55.14},"statements":{"total":139,"covered":78,"skipped":0,"pct":56.11},"functions":{"total":57,"covered":26,"skipped":0,"pct":45.61},"branches":{"total":49,"covered":20,"skipped":0,"pct":40.81},"branchesTrue":{"total":0,"covered":0,"skipped":0,"pct":100}}
,"/Users/Alesun4ik/Trainee/react/src/App.tsx": {"lines":{"total":3,"covered":3,"skipped":0,"pct":100},"functions":{"total":1,"covered":1,"skipped":0,"pct":100},"statements":{"total":3,"covered":3,"skipped":0,"pct":100},"branches":{"total":0,"covered":0,"skipped":0,"pct":100}}
,"/Users/Alesun4ik/Trainee/react/src/entry-client.tsx": {"lines":{"total":2,"covered":2,"skipped":0,"pct":100},"functions":{"total":0,"covered":0,"skipped":0,"pct":100},"statements":{"total":2,"covered":2,"skipped":0,"pct":100},"branches":{"total":0,"covered":0,"skipped":0,"pct":100}}
,"/Users/Alesun4ik/Trainee/react/src/components/Card/Card.tsx": {"lines":{"total":12,"covered":8,"skipped":0,"pct":66.66},"functions":{"total":5,"covered":2,"skipped":0,"pct":40},"statements":{"total":12,"covered":8,"skipped":0,"pct":66.66},"branches":{"total":6,"covered":5,"skipped":0,"pct":83.33}}
,"/Users/Alesun4ik/Trainee/react/src/components/CardModal/CardModal.tsx": {"lines":{"total":6,"covered":4,"skipped":0,"pct":66.66},"functions":{"total":3,"covered":1,"skipped":0,"pct":33.33},"statements":{"total":6,"covered":4,"skipped":0,"pct":66.66},"branches":{"total":2,"covered":1,"skipped":0,"pct":50}}
,"/Users/Alesun4ik/Trainee/react/src/components/Form/Form.tsx": {"lines":{"total":39,"covered":18,"skipped":0,"pct":46.15},"functions":{"total":12,"covered":5,"skipped":0,"pct":41.66},"statements":{"total":39,"covered":18,"skipped":0,"pct":46.15},"branches":{"total":32,"covered":13,"skipped":0,"pct":40.62}}
,"/Users/Alesun4ik/Trainee/react/src/components/Header/Header.tsx": {"lines":{"total":3,"covered":3,"skipped":0,"pct":100},"functions":{"total":1,"covered":1,"skipped":0,"pct":100},"statements":{"total":3,"covered":3,"skipped":0,"pct":100},"branches":{"total":0,"covered":0,"skipped":0,"pct":100}}
,"/Users/Alesun4ik/Trainee/react/src/components/Loader/Loader.tsx": {"lines":{"total":2,"covered":2,"skipped":0,"pct":100},"functions":{"total":1,"covered":1,"skipped":0,"pct":100},"statements":{"total":2,"covered":2,"skipped":0,"pct":100},"branches":{"total":0,"covered":0,"skipped":0,"pct":100}}
,"/Users/Alesun4ik/Trainee/react/src/entities/countries.ts": {"lines":{"total":1,"covered":1,"skipped":0,"pct":100},"functions":{"total":0,"covered":0,"skipped":0,"pct":100},"statements":{"total":1,"covered":1,"skipped":0,"pct":100},"branches":{"total":0,"covered":0,"skipped":0,"pct":100}}
,"/Users/Alesun4ik/Trainee/react/src/hooks/redux.ts": {"lines":{"total":2,"covered":2,"skipped":0,"pct":100},"functions":{"total":1,"covered":1,"skipped":0,"pct":100},"statements":{"total":3,"covered":3,"skipped":0,"pct":100},"branches":{"total":0,"covered":0,"skipped":0,"pct":100}}
,"/Users/Alesun4ik/Trainee/react/src/pages/AboutUs.tsx": {"lines":{"total":6,"covered":1,"skipped":0,"pct":16.66},"functions":{"total":1,"covered":0,"skipped":0,"pct":0},"statements":{"total":6,"covered":1,"skipped":0,"pct":16.66},"branches":{"total":1,"covered":0,"skipped":0,"pct":0}}
,"/Users/Alesun4ik/Trainee/react/src/pages/NotFound.tsx": {"lines":{"total":1,"covered":0,"skipped":0,"pct":0},"functions":{"total":1,"covered":0,"skipped":0,"pct":0},"statements":{"total":1,"covered":0,"skipped":0,"pct":0},"branches":{"total":0,"covered":0,"skipped":0,"pct":100}}
,"/Users/Alesun4ik/Trainee/react/src/pages/MainPage/MainPage.tsx": {"lines":{"total":4,"covered":4,"skipped":0,"pct":100},"functions":{"total":2,"covered":2,"skipped":0,"pct":100},"statements":{"total":5,"covered":5,"skipped":0,"pct":100},"branches":{"total":0,"covered":0,"skipped":0,"pct":100}}
,"/Users/Alesun4ik/Trainee/react/src/pages/MainPage/SearchField/SearchField.tsx": {"lines":{"total":11,"covered":5,"skipped":0,"pct":45.45},"functions":{"total":3,"covered":1,"skipped":0,"pct":33.33},"statements":{"total":11,"covered":5,"skipped":0,"pct":45.45},"branches":{"total":3,"covered":0,"skipped":0,"pct":0}}
,"/Users/Alesun4ik/Trainee/react/src/pages/UserForm/UserForm.tsx": {"lines":{"total":7,"covered":6,"skipped":0,"pct":85.71},"functions":{"total":2,"covered":2,"skipped":0,"pct":100},"statements":{"total":8,"covered":7,"skipped":0,"pct":87.5},"branches":{"total":1,"covered":1,"skipped":0,"pct":100}}
,"/Users/Alesun4ik/Trainee/react/src/router/AppRouter.tsx": {"lines":{"total":1,"covered":1,"skipped":0,"pct":100},"functions":{"total":1,"covered":1,"skipped":0,"pct":100},"statements":{"total":1,"covered":1,"skipped":0,"pct":100},"branches":{"total":0,"covered":0,"skipped":0,"pct":100}}
,"/Users/Alesun4ik/Trainee/react/src/services/CharacterService.ts": {"lines":{"total":4,"covered":4,"skipped":0,"pct":100},"functions":{"total":3,"covered":3,"skipped":0,"pct":100},"statements":{"total":4,"covered":4,"skipped":0,"pct":100},"branches":{"total":0,"covered":0,"skipped":0,"pct":100}}
,"/Users/Alesun4ik/Trainee/react/src/store/store.ts": {"lines":{"total":4,"covered":4,"skipped":0,"pct":100},"functions":{"total":2,"covered":2,"skipped":0,"pct":100},"statements":{"total":4,"covered":4,"skipped":0,"pct":100},"branches":{"total":0,"covered":0,"skipped":0,"pct":100}}
,"/Users/Alesun4ik/Trainee/react/src/store/reducers/ActionCreators.ts": {"lines":{"total":12,"covered":2,"skipped":0,"pct":16.66},"functions":{"total":8,"covered":0,"skipped":0,"pct":0},"statements":{"total":12,"covered":2,"skipped":0,"pct":16.66},"branches":{"total":4,"covered":0,"skipped":0,"pct":0}}
,"/Users/Alesun4ik/Trainee/react/src/store/reducers/UserSlice.ts": {"lines":{"total":16,"covered":5,"skipped":0,"pct":31.25},"functions":{"total":10,"covered":3,"skipped":0,"pct":30},"statements":{"total":16,"covered":5,"skipped":0,"pct":31.25},"branches":{"total":0,"covered":0,"skipped":0,"pct":100}}
}
