{"/Users/Alesun4ik/Trainee/react/src/App.tsx": {"path":"/Users/Alesun4ik/Trainee/react/src/App.tsx","statementMap":{"0":{"start":{"line":6,"column":14},"end":{"line":6,"column":null}},"1":{"start":{"line":8,"column":12},"end":{"line":33,"column":null}},"2":{"start":{"line":9,"column":2},"end":{"line":31,"column":null}}},"fnMap":{"0":{"name":"(anonymous_0)","decl":{"start":{"line":8,"column":12},"end":{"line":8,"column":18}},"loc":{"start":{"line":8,"column":18},"end":{"line":33,"column":null}}}},"branchMap":{},"s":{"0":135,"1":135,"2":405},"f":{"0":405},"b":{}}
,"/Users/Alesun4ik/Trainee/react/src/entry-client.tsx": {"path":"/Users/Alesun4ik/Trainee/react/src/entry-client.tsx","statementMap":{"0":{"start":{"line":9,"column":14},"end":{"line":9,"column":null}},"1":{"start":{"line":11,"column":0},"end":{"line":18,"column":null}}},"fnMap":{},"branchMap":{},"s":{"0":135,"1":135},"f":{},"b":{}}
,"/Users/Alesun4ik/Trainee/react/src/components/Card/Card.tsx": {"path":"/Users/Alesun4ik/Trainee/react/src/components/Card/Card.tsx","statementMap":{"0":{"start":{"line":9,"column":13},"end":{"line":78,"column":null}},"1":{"start":{"line":10,"column":20},"end":{"line":10,"column":null}},"2":{"start":{"line":11,"column":39},"end":{"line":11,"column":null}},"3":{"start":{"line":12,"column":40},"end":{"line":12,"column":null}},"4":{"start":{"line":13,"column":22},"end":{"line":13,"column":null}},"5":{"start":{"line":15,"column":20},"end":{"line":18,"column":null}},"6":{"start":{"line":16,"column":4},"end":{"line":16,"column":null}},"7":{"start":{"line":17,"column":4},"end":{"line":17,"column":null}},"8":{"start":{"line":20,"column":2},"end":{"line":76,"column":null}},"9":{"start":{"line":28,"column":14},"end":{"line":46,"column":null}},"10":{"start":{"line":52,"column":18},"end":{"line":66,"column":null}},"11":{"start":{"line":58,"column":64},"end":{"line":58,"column":null}}},"fnMap":{"0":{"name":"(anonymous_0)","decl":{"start":{"line":9,"column":13},"end":{"line":9,"column":14}},"loc":{"start":{"line":9,"column":35},"end":{"line":78,"column":null}}},"1":{"name":"(anonymous_1)","decl":{"start":{"line":15,"column":20},"end":{"line":15,"column":21}},"loc":{"start":{"line":15,"column":49},"end":{"line":18,"column":null}}},"2":{"name":"(anonymous_2)","decl":{"start":{"line":27,"column":23},"end":{"line":27,"column":24}},"loc":{"start":{"line":28,"column":14},"end":{"line":46,"column":null}}},"3":{"name":"(anonymous_3)","decl":{"start":{"line":51,"column":35},"end":{"line":51,"column":36}},"loc":{"start":{"line":52,"column":18},"end":{"line":66,"column":null}}},"4":{"name":"(anonymous_4)","decl":{"start":{"line":58,"column":58},"end":{"line":58,"column":64}},"loc":{"start":{"line":58,"column":64},"end":{"line":58,"column":null}}}},"branchMap":{"0":{"loc":{"start":{"line":22,"column":7},"end":{"line":73,"column":null}},"type":"cond-expr","locations":[{"start":{"line":23,"column":8},"end":{"line":23,"column":null}},{"start":{"line":25,"column":8},"end":{"line":73,"column":null}}]},"1":{"loc":{"start":{"line":26,"column":11},"end":{"line":71,"column":null}},"type":"cond-expr","locations":[{"start":{"line":27,"column":12},"end":{"line":47,"column":null}},{"start":{"line":49,"column":12},"end":{"line":71,"column":null}}]},"2":{"loc":{"start":{"line":50,"column":15},"end":{"line":69,"column":null}},"type":"cond-expr","locations":[{"start":{"line":51,"column":16},"end":{"line":67,"column":null}},{"start":{"line":69,"column":16},"end":{"line":69,"column":null}}]}},"s":{"0":135,"1":296,"2":296,"3":296,"4":296,"5":296,"6":14,"7":14,"8":296,"9":0,"10":1340,"11":14},"f":{"0":296,"1":14,"2":0,"3":1340,"4":14},"b":{"0":[188,108],"1":[41,67],"2":[67,0]}}
,"/Users/Alesun4ik/Trainee/react/src/components/CardModal/CardModal.tsx": {"path":"/Users/Alesun4ik/Trainee/react/src/components/CardModal/CardModal.tsx","statementMap":{"0":{"start":{"line":13,"column":18},"end":{"line":56,"column":null}},"1":{"start":{"line":14,"column":36},"end":{"line":14,"column":null}},"2":{"start":{"line":15,"column":19},"end":{"line":15,"column":null}},"3":{"start":{"line":17,"column":2},"end":{"line":54,"column":null}},"4":{"start":{"line":21,"column":21},"end":{"line":21,"column":null}},"5":{"start":{"line":23,"column":53},"end":{"line":23,"column":null}}},"fnMap":{"0":{"name":"(anonymous_0)","decl":{"start":{"line":13,"column":18},"end":{"line":13,"column":19}},"loc":{"start":{"line":13,"column":45},"end":{"line":56,"column":null}}},"1":{"name":"(anonymous_1)","decl":{"start":{"line":21,"column":15},"end":{"line":21,"column":21}},"loc":{"start":{"line":21,"column":21},"end":{"line":21,"column":null}}},"2":{"name":"(anonymous_2)","decl":{"start":{"line":23,"column":46},"end":{"line":23,"column":47}},"loc":{"start":{"line":23,"column":53},"end":{"line":23,"column":null}}}},"branchMap":{"0":{"loc":{"start":{"line":20,"column":17},"end":{"line":20,"column":null}},"type":"cond-expr","locations":[{"start":{"line":20,"column":26},"end":{"line":20,"column":43}},{"start":{"line":20,"column":43},"end":{"line":20,"column":null}}]}},"s":{"0":135,"1":389,"2":389,"3":389,"4":0,"5":0},"f":{"0":389,"1":0,"2":0},"b":{"0":[14,375]}}
,"/Users/Alesun4ik/Trainee/react/src/components/Form/Form.tsx": {"path":"/Users/Alesun4ik/Trainee/react/src/components/Form/Form.tsx","statementMap":{"0":{"start":{"line":10,"column":13},"end":{"line":247,"column":null}},"1":{"start":{"line":11,"column":19},"end":{"line":11,"column":null}},"2":{"start":{"line":12,"column":25},"end":{"line":12,"column":null}},"3":{"start":{"line":20,"column":6},"end":{"line":20,"column":null}},"4":{"start":{"line":22,"column":38},"end":{"line":22,"column":null}},"5":{"start":{"line":23,"column":40},"end":{"line":23,"column":null}},"6":{"start":{"line":24,"column":50},"end":{"line":24,"column":null}},"7":{"start":{"line":25,"column":32},"end":{"line":25,"column":null}},"8":{"start":{"line":27,"column":19},"end":{"line":30,"column":null}},"9":{"start":{"line":32,"column":21},"end":{"line":36,"column":null}},"10":{"start":{"line":33,"column":19},"end":{"line":33,"column":null}},"11":{"start":{"line":34,"column":4},"end":{"line":34,"column":null}},"12":{"start":{"line":35,"column":4},"end":{"line":35,"column":null}},"13":{"start":{"line":38,"column":51},"end":{"line":59,"column":null}},"14":{"start":{"line":39,"column":94},"end":{"line":39,"column":null}},"15":{"start":{"line":40,"column":36},"end":{"line":49,"column":null}},"16":{"start":{"line":50,"column":4},"end":{"line":50,"column":null}},"17":{"start":{"line":51,"column":4},"end":{"line":51,"column":null}},"18":{"start":{"line":52,"column":4},"end":{"line":52,"column":null}},"19":{"start":{"line":53,"column":4},"end":{"line":53,"column":null}},"20":{"start":{"line":54,"column":4},"end":{"line":54,"column":null}},"21":{"start":{"line":55,"column":4},"end":{"line":55,"column":null}},"22":{"start":{"line":56,"column":4},"end":{"line":58,"column":null}},"23":{"start":{"line":57,"column":6},"end":{"line":57,"column":null}},"24":{"start":{"line":61,"column":22},"end":{"line":69,"column":null}},"25":{"start":{"line":62,"column":4},"end":{"line":68,"column":null}},"26":{"start":{"line":63,"column":6},"end":{"line":63,"column":null}},"27":{"start":{"line":64,"column":6},"end":{"line":64,"column":null}},"28":{"start":{"line":66,"column":6},"end":{"line":66,"column":null}},"29":{"start":{"line":67,"column":6},"end":{"line":67,"column":null}},"30":{"start":{"line":71,"column":34},"end":{"line":73,"column":null}},"31":{"start":{"line":72,"column":4},"end":{"line":72,"column":null}},"32":{"start":{"line":75,"column":2},"end":{"line":245,"column":null}},"33":{"start":{"line":160,"column":16},"end":{"line":160,"column":null}},"34":{"start":{"line":174,"column":18},"end":{"line":196,"column":null}},"35":{"start":{"line":176,"column":22},"end":{"line":194,"column":null}},"36":{"start":{"line":190,"column":45},"end":{"line":190,"column":null}},"37":{"start":{"line":222,"column":16},"end":{"line":230,"column":null}},"38":{"start":{"line":228,"column":35},"end":{"line":228,"column":null}}},"fnMap":{"0":{"name":"(anonymous_0)","decl":{"start":{"line":10,"column":13},"end":{"line":10,"column":19}},"loc":{"start":{"line":10,"column":19},"end":{"line":247,"column":null}}},"1":{"name":"(anonymous_1)","decl":{"start":{"line":32,"column":21},"end":{"line":32,"column":22}},"loc":{"start":{"line":32,"column":53},"end":{"line":36,"column":null}}},"2":{"name":"(anonymous_2)","decl":{"start":{"line":38,"column":51},"end":{"line":38,"column":52}},"loc":{"start":{"line":38,"column":67},"end":{"line":59,"column":null}}},"3":{"name":"(anonymous_3)","decl":{"start":{"line":56,"column":15},"end":{"line":56,"column":21}},"loc":{"start":{"line":56,"column":21},"end":{"line":58,"column":7}}},"4":{"name":"(anonymous_4)","decl":{"start":{"line":61,"column":22},"end":{"line":61,"column":23}},"loc":{"start":{"line":61,"column":72},"end":{"line":69,"column":null}}},"5":{"name":"(anonymous_5)","decl":{"start":{"line":71,"column":34},"end":{"line":71,"column":35}},"loc":{"start":{"line":71,"column":88},"end":{"line":73,"column":null}}},"6":{"name":"(anonymous_6)","decl":{"start":{"line":159,"column":29},"end":{"line":159,"column":30}},"loc":{"start":{"line":160,"column":16},"end":{"line":160,"column":null}}},"7":{"name":"(anonymous_7)","decl":{"start":{"line":173,"column":24},"end":{"line":173,"column":25}},"loc":{"start":{"line":174,"column":18},"end":{"line":196,"column":null}}},"8":{"name":"(anonymous_8)","decl":{"start":{"line":175,"column":34},"end":{"line":175,"column":35}},"loc":{"start":{"line":176,"column":22},"end":{"line":194,"column":null}}},"9":{"name":"(anonymous_9)","decl":{"start":{"line":190,"column":38},"end":{"line":190,"column":39}},"loc":{"start":{"line":190,"column":45},"end":{"line":190,"column":null}}},"10":{"name":"(anonymous_10)","decl":{"start":{"line":221,"column":22},"end":{"line":221,"column":23}},"loc":{"start":{"line":222,"column":16},"end":{"line":230,"column":null}}},"11":{"name":"(anonymous_11)","decl":{"start":{"line":228,"column":28},"end":{"line":228,"column":29}},"loc":{"start":{"line":228,"column":35},"end":{"line":228,"column":null}}}},"branchMap":{"0":{"loc":{"start":{"line":62,"column":4},"end":{"line":68,"column":null}},"type":"if","locations":[{"start":{"line":62,"column":4},"end":{"line":68,"column":null}},{"start":{"line":65,"column":11},"end":{"line":68,"column":null}}]},"1":{"loc":{"start":{"line":83,"column":25},"end":{"line":83,"column":null}},"type":"cond-expr","locations":[{"start":{"line":83,"column":44},"end":{"line":83,"column":54}},{"start":{"line":83,"column":54},"end":{"line":83,"column":null}}]},"2":{"loc":{"start":{"line":101,"column":13},"end":{"line":102,"column":null}},"type":"binary-expr","locations":[{"start":{"line":101,"column":13},"end":{"line":101,"column":null}},{"start":{"line":102,"column":14},"end":{"line":102,"column":null}}]},"3":{"loc":{"start":{"line":102,"column":41},"end":{"line":102,"column":79}},"type":"binary-expr","locations":[{"start":{"line":102,"column":41},"end":{"line":102,"column":70}},{"start":{"line":102,"column":70},"end":{"line":102,"column":79}}]},"4":{"loc":{"start":{"line":108,"column":25},"end":{"line":108,"column":null}},"type":"cond-expr","locations":[{"start":{"line":108,"column":47},"end":{"line":108,"column":57}},{"start":{"line":108,"column":57},"end":{"line":108,"column":null}}]},"5":{"loc":{"start":{"line":126,"column":13},"end":{"line":127,"column":null}},"type":"binary-expr","locations":[{"start":{"line":126,"column":13},"end":{"line":126,"column":null}},{"start":{"line":127,"column":14},"end":{"line":127,"column":null}}]},"6":{"loc":{"start":{"line":127,"column":41},"end":{"line":127,"column":82}},"type":"binary-expr","locations":[{"start":{"line":127,"column":41},"end":{"line":127,"column":73}},{"start":{"line":127,"column":73},"end":{"line":127,"column":82}}]},"7":{"loc":{"start":{"line":133,"column":25},"end":{"line":133,"column":null}},"type":"cond-expr","locations":[{"start":{"line":133,"column":44},"end":{"line":133,"column":54}},{"start":{"line":133,"column":54},"end":{"line":133,"column":null}}]},"8":{"loc":{"start":{"line":142,"column":13},"end":{"line":142,"column":null}},"type":"binary-expr","locations":[{"start":{"line":142,"column":13},"end":{"line":142,"column":33}},{"start":{"line":142,"column":33},"end":{"line":142,"column":null}}]},"9":{"loc":{"start":{"line":151,"column":25},"end":{"line":151,"column":null}},"type":"cond-expr","locations":[{"start":{"line":151,"column":47},"end":{"line":151,"column":57}},{"start":{"line":151,"column":57},"end":{"line":151,"column":null}}]},"10":{"loc":{"start":{"line":164,"column":15},"end":{"line":164,"column":null}},"type":"binary-expr","locations":[{"start":{"line":164,"column":15},"end":{"line":164,"column":38}},{"start":{"line":164,"column":38},"end":{"line":164,"column":null}}]},"11":{"loc":{"start":{"line":180,"column":28},"end":{"line":180,"column":null}},"type":"cond-expr","locations":[{"start":{"line":180,"column":41},"end":{"line":180,"column":65}},{"start":{"line":180,"column":65},"end":{"line":180,"column":null}}]},"12":{"loc":{"start":{"line":200,"column":17},"end":{"line":200,"column":null}},"type":"binary-expr","locations":[{"start":{"line":200,"column":17},"end":{"line":200,"column":36}},{"start":{"line":200,"column":36},"end":{"line":200,"column":null}}]},"13":{"loc":{"start":{"line":215,"column":13},"end":{"line":215,"column":null}},"type":"binary-expr","locations":[{"start":{"line":215,"column":13},"end":{"line":215,"column":34}},{"start":{"line":215,"column":34},"end":{"line":215,"column":null}}]},"14":{"loc":{"start":{"line":236,"column":13},"end":{"line":236,"column":null}},"type":"binary-expr","locations":[{"start":{"line":236,"column":13},"end":{"line":236,"column":36}},{"start":{"line":236,"column":36},"end":{"line":236,"column":null}}]},"15":{"loc":{"start":{"line":244,"column":12},"end":{"line":244,"column":87}},"type":"cond-expr","locations":[{"start":{"line":244,"column":22},"end":{"line":244,"column":84}},{"start":{"line":244,"column":84},"end":{"line":244,"column":87}}]}},"s":{"0":135,"1":45,"2":45,"3":45,"4":45,"5":45,"6":45,"7":45,"8":45,"9":45,"10":0,"11":0,"12":0,"13":45,"14":0,"15":0,"16":0,"17":0,"18":0,"19":0,"20":0,"21":0,"22":0,"23":0,"24":45,"25":0,"26":0,"27":0,"28":0,"29":0,"30":45,"31":0,"32":45,"33":1035,"34":45,"35":90,"36":0,"37":45,"38":0},"f":{"0":45,"1":0,"2":0,"3":0,"4":0,"5":0,"6":1035,"7":45,"8":90,"9":0,"10":45,"11":0},"b":{"0":[0,0],"1":[4,41],"2":[45,4],"3":[4,0],"4":[4,41],"5":[45,4],"6":[4,0],"7":[4,41],"8":[45,4],"9":[4,41],"10":[45,4],"11":[90,0],"12":[45,4],"13":[45,4],"14":[45,4],"15":[0,45]}}
,"/Users/Alesun4ik/Trainee/react/src/components/Header/Header.tsx": {"path":"/Users/Alesun4ik/Trainee/react/src/components/Header/Header.tsx","statementMap":{"0":{"start":{"line":6,"column":15},"end":{"line":30,"column":null}},"1":{"start":{"line":7,"column":20},"end":{"line":7,"column":null}},"2":{"start":{"line":8,"column":2},"end":{"line":28,"column":null}}},"fnMap":{"0":{"name":"(anonymous_0)","decl":{"start":{"line":6,"column":15},"end":{"line":6,"column":16}},"loc":{"start":{"line":6,"column":38},"end":{"line":30,"column":null}}}},"branchMap":{},"s":{"0":135,"1":300,"2":300},"f":{"0":300},"b":{}}
,"/Users/Alesun4ik/Trainee/react/src/components/Loader/Loader.tsx": {"path":"/Users/Alesun4ik/Trainee/react/src/components/Loader/Loader.tsx","statementMap":{"0":{"start":{"line":4,"column":17},"end":{"line":6,"column":null}},"1":{"start":{"line":5,"column":2},"end":{"line":5,"column":null}}},"fnMap":{"0":{"name":"(anonymous_0)","decl":{"start":{"line":4,"column":17},"end":{"line":4,"column":23}},"loc":{"start":{"line":4,"column":23},"end":{"line":6,"column":null}}}},"branchMap":{},"s":{"0":135,"1":188},"f":{"0":188},"b":{}}
,"/Users/Alesun4ik/Trainee/react/src/entities/countries.ts": {"path":"/Users/Alesun4ik/Trainee/react/src/entities/countries.ts","statementMap":{"0":{"start":{"line":1,"column":18},"end":{"line":25,"column":null}}},"fnMap":{},"branchMap":{},"s":{"0":135},"f":{},"b":{}}
,"/Users/Alesun4ik/Trainee/react/src/hooks/redux.ts": {"path":"/Users/Alesun4ik/Trainee/react/src/hooks/redux.ts","statementMap":{"0":{"start":{"line":4,"column":30},"end":{"line":4,"column":null}},"1":{"start":{"line":4,"column":36},"end":{"line":4,"column":null}},"2":{"start":{"line":5,"column":63},"end":{"line":5,"column":null}}},"fnMap":{"0":{"name":"(anonymous_0)","decl":{"start":{"line":4,"column":30},"end":{"line":4,"column":36}},"loc":{"start":{"line":4,"column":36},"end":{"line":4,"column":null}}}},"branchMap":{},"s":{"0":135,"1":286,"2":135},"f":{"0":286},"b":{}}
,"/Users/Alesun4ik/Trainee/react/src/pages/AboutUs.tsx": {"path":"/Users/Alesun4ik/Trainee/react/src/pages/AboutUs.tsx","statementMap":{"0":{"start":{"line":5,"column":16},"end":{"line":22,"column":null}},"1":{"start":{"line":6,"column":19},"end":{"line":6,"column":null}},"2":{"start":{"line":7,"column":2},"end":{"line":15,"column":null}},"3":{"start":{"line":8,"column":20},"end":{"line":8,"column":null}},"4":{"start":{"line":9,"column":4},"end":{"line":13,"column":null}},"5":{"start":{"line":16,"column":2},"end":{"line":20,"column":null}}},"fnMap":{"0":{"name":"(anonymous_0)","decl":{"start":{"line":5,"column":16},"end":{"line":5,"column":22}},"loc":{"start":{"line":5,"column":22},"end":{"line":22,"column":null}}}},"branchMap":{"0":{"loc":{"start":{"line":7,"column":2},"end":{"line":15,"column":null}},"type":"if","locations":[{"start":{"line":7,"column":2},"end":{"line":15,"column":null}}]}},"s":{"0":135,"1":9,"2":9,"3":9,"4":9,"5":0},"f":{"0":9},"b":{"0":[9]}}
,"/Users/Alesun4ik/Trainee/react/src/pages/NotFound.tsx": {"path":"/Users/Alesun4ik/Trainee/react/src/pages/NotFound.tsx","statementMap":{"0":{"start":{"line":7,"column":4},"end":{"line":11,"column":null}}},"fnMap":{"0":{"name":"(anonymous_0)","decl":{"start":{"line":6,"column":2},"end":{"line":6,"column":25}},"loc":{"start":{"line":6,"column":25},"end":{"line":13,"column":null}}}},"branchMap":{},"s":{"0":9},"f":{"0":9},"b":{}}
,"/Users/Alesun4ik/Trainee/react/src/pages/MainPage/MainPage.tsx": {"path":"/Users/Alesun4ik/Trainee/react/src/pages/MainPage/MainPage.tsx","statementMap":{"0":{"start":{"line":9,"column":17},"end":{"line":20,"column":null}},"1":{"start":{"line":10,"column":26},"end":{"line":10,"column":null}},"2":{"start":{"line":10,"column":52},"end":{"line":10,"column":74}},"3":{"start":{"line":11,"column":30},"end":{"line":11,"column":null}},"4":{"start":{"line":13,"column":2},"end":{"line":18,"column":null}}},"fnMap":{"0":{"name":"(anonymous_0)","decl":{"start":{"line":9,"column":17},"end":{"line":9,"column":23}},"loc":{"start":{"line":9,"column":23},"end":{"line":20,"column":null}}},"1":{"name":"(anonymous_1)","decl":{"start":{"line":10,"column":41},"end":{"line":10,"column":42}},"loc":{"start":{"line":10,"column":52},"end":{"line":10,"column":74}}}},"branchMap":{},"s":{"0":135,"1":241,"2":630,"3":241,"4":241},"f":{"0":241,"1":630},"b":{}}
,"/Users/Alesun4ik/Trainee/react/src/pages/MainPage/SearchField/SearchField.tsx": {"path":"/Users/Alesun4ik/Trainee/react/src/pages/MainPage/SearchField/SearchField.tsx","statementMap":{"0":{"start":{"line":6,"column":48},"end":{"line":38,"column":null}},"1":{"start":{"line":10,"column":19},"end":{"line":10,"column":null}},"2":{"start":{"line":11,"column":29},"end":{"line":11,"column":null}},"3":{"start":{"line":13,"column":24},"end":{"line":22,"column":null}},"4":{"start":{"line":14,"column":4},"end":{"line":21,"column":null}},"5":{"start":{"line":15,"column":6},"end":{"line":20,"column":null}},"6":{"start":{"line":16,"column":22},"end":{"line":16,"column":null}},"7":{"start":{"line":17,"column":8},"end":{"line":17,"column":null}},"8":{"start":{"line":19,"column":8},"end":{"line":19,"column":null}},"9":{"start":{"line":24,"column":2},"end":{"line":36,"column":null}},"10":{"start":{"line":25,"column":44},"end":{"line":25,"column":null}}},"fnMap":{"0":{"name":"(anonymous_0)","decl":{"start":{"line":6,"column":48},"end":{"line":6,"column":49}},"loc":{"start":{"line":9,"column":24},"end":{"line":38,"column":null}}},"1":{"name":"(anonymous_1)","decl":{"start":{"line":13,"column":24},"end":{"line":13,"column":25}},"loc":{"start":{"line":13,"column":78},"end":{"line":22,"column":null}}},"2":{"name":"(anonymous_2)","decl":{"start":{"line":25,"column":37},"end":{"line":25,"column":38}},"loc":{"start":{"line":25,"column":44},"end":{"line":25,"column":null}}}},"branchMap":{"0":{"loc":{"start":{"line":14,"column":4},"end":{"line":21,"column":null}},"type":"if","locations":[{"start":{"line":14,"column":4},"end":{"line":21,"column":null}}]},"1":{"loc":{"start":{"line":15,"column":6},"end":{"line":20,"column":null}},"type":"if","locations":[{"start":{"line":15,"column":6},"end":{"line":20,"column":null}},{"start":{"line":18,"column":13},"end":{"line":20,"column":null}}]}},"s":{"0":135,"1":241,"2":241,"3":241,"4":90,"5":0,"6":0,"7":0,"8":0,"9":241,"10":0},"f":{"0":241,"1":90,"2":0},"b":{"0":[0],"1":[0,0]}}
,"/Users/Alesun4ik/Trainee/react/src/pages/UserForm/UserForm.tsx": {"path":"/Users/Alesun4ik/Trainee/react/src/pages/UserForm/UserForm.tsx","statementMap":{"0":{"start":{"line":9,"column":17},"end":{"line":35,"column":null}},"1":{"start":{"line":10,"column":20},"end":{"line":10,"column":null}},"2":{"start":{"line":10,"column":46},"end":{"line":10,"column":68}},"3":{"start":{"line":11,"column":19},"end":{"line":11,"column":null}},"4":{"start":{"line":13,"column":2},"end":{"line":28,"column":null}},"5":{"start":{"line":14,"column":20},"end":{"line":14,"column":null}},"6":{"start":{"line":15,"column":4},"end":{"line":26,"column":null}},"7":{"start":{"line":29,"column":2},"end":{"line":33,"column":null}}},"fnMap":{"0":{"name":"(anonymous_0)","decl":{"start":{"line":9,"column":17},"end":{"line":9,"column":23}},"loc":{"start":{"line":9,"column":23},"end":{"line":35,"column":null}}},"1":{"name":"(anonymous_1)","decl":{"start":{"line":10,"column":35},"end":{"line":10,"column":36}},"loc":{"start":{"line":10,"column":46},"end":{"line":10,"column":68}}}},"branchMap":{"0":{"loc":{"start":{"line":13,"column":2},"end":{"line":28,"column":null}},"type":"if","locations":[{"start":{"line":13,"column":2},"end":{"line":28,"column":null}}]}},"s":{"0":135,"1":41,"2":120,"3":41,"4":41,"5":41,"6":41,"7":0},"f":{"0":41,"1":120},"b":{"0":[41]}}
,"/Users/Alesun4ik/Trainee/react/src/router/AppRouter.tsx": {"path":"/Users/Alesun4ik/Trainee/react/src/router/AppRouter.tsx","statementMap":{"0":{"start":{"line":10,"column":4},"end":{"line":16,"column":null}}},"fnMap":{"0":{"name":"(anonymous_0)","decl":{"start":{"line":9,"column":2},"end":{"line":9,"column":25}},"loc":{"start":{"line":9,"column":25},"end":{"line":18,"column":null}}}},"branchMap":{},"s":{"0":135},"f":{"0":135},"b":{}}
,"/Users/Alesun4ik/Trainee/react/src/services/CharacterService.ts": {"path":"/Users/Alesun4ik/Trainee/react/src/services/CharacterService.ts","statementMap":{"0":{"start":{"line":4,"column":21},"end":{"line":23,"column":null}},"1":{"start":{"line":7,"column":25},"end":{"line":22,"column":null}},"2":{"start":{"line":9,"column":33},"end":{"line":14,"column":null}},"3":{"start":{"line":18,"column":31},"end":{"line":20,"column":null}}},"fnMap":{"0":{"name":"(anonymous_0)","decl":{"start":{"line":7,"column":13},"end":{"line":7,"column":14}},"loc":{"start":{"line":7,"column":25},"end":{"line":22,"column":null}}},"1":{"name":"(anonymous_1)","decl":{"start":{"line":9,"column":13},"end":{"line":9,"column":14}},"loc":{"start":{"line":9,"column":33},"end":{"line":14,"column":null}}},"2":{"name":"(anonymous_2)","decl":{"start":{"line":18,"column":13},"end":{"line":18,"column":14}},"loc":{"start":{"line":18,"column":31},"end":{"line":20,"column":null}}}},"branchMap":{},"s":{"0":135,"1":135,"2":94,"3":119},"f":{"0":135,"1":94,"2":119},"b":{}}
,"/Users/Alesun4ik/Trainee/react/src/store/store.ts": {"path":"/Users/Alesun4ik/Trainee/react/src/store/store.ts","statementMap":{"0":{"start":{"line":5,"column":20},"end":{"line":8,"column":null}},"1":{"start":{"line":10,"column":26},"end":{"line":15,"column":null}},"2":{"start":{"line":11,"column":2},"end":{"line":14,"column":null}},"3":{"start":{"line":13,"column":42},"end":{"line":13,"column":null}}},"fnMap":{"0":{"name":"(anonymous_0)","decl":{"start":{"line":10,"column":26},"end":{"line":10,"column":32}},"loc":{"start":{"line":10,"column":32},"end":{"line":15,"column":null}}},"1":{"name":"(anonymous_1)","decl":{"start":{"line":13,"column":16},"end":{"line":13,"column":17}},"loc":{"start":{"line":13,"column":42},"end":{"line":13,"column":null}}}},"branchMap":{},"s":{"0":135,"1":135,"2":270,"3":270},"f":{"0":270,"1":270},"b":{}}
,"/Users/Alesun4ik/Trainee/react/src/store/reducers/ActionCreators.ts": {"path":"/Users/Alesun4ik/Trainee/react/src/store/reducers/ActionCreators.ts","statementMap":{"0":{"start":{"line":3,"column":31},"end":{"line":23,"column":null}},"1":{"start":{"line":6,"column":21},"end":{"line":19,"column":null}},"2":{"start":{"line":11,"column":21},"end":{"line":11,"column":31}},"3":{"start":{"line":14,"column":10},"end":{"line":14,"column":null}},"4":{"start":{"line":17,"column":10},"end":{"line":17,"column":null}},"5":{"start":{"line":21,"column":4},"end":{"line":21,"column":null}},"6":{"start":{"line":25,"column":35},"end":{"line":45,"column":null}},"7":{"start":{"line":28,"column":21},"end":{"line":41,"column":null}},"8":{"start":{"line":33,"column":21},"end":{"line":33,"column":31}},"9":{"start":{"line":36,"column":10},"end":{"line":36,"column":null}},"10":{"start":{"line":39,"column":10},"end":{"line":39,"column":null}},"11":{"start":{"line":43,"column":4},"end":{"line":43,"column":null}}},"fnMap":{"0":{"name":"(anonymous_0)","decl":{"start":{"line":5,"column":2},"end":{"line":5,"column":9}},"loc":{"start":{"line":5,"column":27},"end":{"line":22,"column":null}}},"1":{"name":"(anonymous_1)","decl":{"start":{"line":11,"column":12},"end":{"line":11,"column":13}},"loc":{"start":{"line":11,"column":21},"end":{"line":11,"column":31}}},"2":{"name":"(anonymous_2)","decl":{"start":{"line":13,"column":8},"end":{"line":13,"column":9}},"loc":{"start":{"line":13,"column":20},"end":{"line":15,"column":null}}},"3":{"name":"(anonymous_3)","decl":{"start":{"line":16,"column":8},"end":{"line":16,"column":9}},"loc":{"start":{"line":16,"column":19},"end":{"line":18,"column":null}}},"4":{"name":"(anonymous_4)","decl":{"start":{"line":27,"column":2},"end":{"line":27,"column":9}},"loc":{"start":{"line":27,"column":25},"end":{"line":44,"column":null}}},"5":{"name":"(anonymous_5)","decl":{"start":{"line":33,"column":12},"end":{"line":33,"column":13}},"loc":{"start":{"line":33,"column":21},"end":{"line":33,"column":31}}},"6":{"name":"(anonymous_6)","decl":{"start":{"line":35,"column":8},"end":{"line":35,"column":9}},"loc":{"start":{"line":35,"column":20},"end":{"line":37,"column":null}}},"7":{"name":"(anonymous_7)","decl":{"start":{"line":38,"column":8},"end":{"line":38,"column":9}},"loc":{"start":{"line":38,"column":19},"end":{"line":40,"column":null}}}},"branchMap":{"0":{"loc":{"start":{"line":7,"column":6},"end":{"line":9,"column":null}},"type":"cond-expr","locations":[{"start":{"line":8,"column":10},"end":{"line":8,"column":null}},{"start":{"line":9,"column":10},"end":{"line":9,"column":null}}]},"1":{"loc":{"start":{"line":29,"column":6},"end":{"line":31,"column":null}},"type":"cond-expr","locations":[{"start":{"line":30,"column":10},"end":{"line":30,"column":null}},{"start":{"line":31,"column":10},"end":{"line":31,"column":null}}]}},"s":{"0":135,"1":0,"2":0,"3":0,"4":0,"5":0,"6":135,"7":0,"8":0,"9":0,"10":0,"11":0},"f":{"0":0,"1":0,"2":0,"3":0,"4":0,"5":0,"6":0,"7":0},"b":{"0":[0,0],"1":[0,0]}}
,"/Users/Alesun4ik/Trainee/react/src/store/reducers/UserSlice.ts": {"path":"/Users/Alesun4ik/Trainee/react/src/store/reducers/UserSlice.ts","statementMap":{"0":{"start":{"line":16,"column":31},"end":{"line":40,"column":null}},"1":{"start":{"line":47,"column":2},"end":{"line":47,"column":null}},"2":{"start":{"line":50,"column":25},"end":{"line":86,"column":null}},"3":{"start":{"line":55,"column":6},"end":{"line":55,"column":null}},"4":{"start":{"line":58,"column":6},"end":{"line":58,"column":null}},"5":{"start":{"line":62,"column":4},"end":{"line":70,"column":null}},"6":{"start":{"line":64,"column":8},"end":{"line":64,"column":null}},"7":{"start":{"line":65,"column":8},"end":{"line":65,"column":null}},"8":{"start":{"line":66,"column":8},"end":{"line":66,"column":null}},"9":{"start":{"line":69,"column":8},"end":{"line":69,"column":null}},"10":{"start":{"line":72,"column":4},"end":{"line":84,"column":null}},"11":{"start":{"line":74,"column":8},"end":{"line":74,"column":null}},"12":{"start":{"line":75,"column":8},"end":{"line":75,"column":null}},"13":{"start":{"line":76,"column":8},"end":{"line":76,"column":null}},"14":{"start":{"line":79,"column":8},"end":{"line":79,"column":null}},"15":{"start":{"line":82,"column":8},"end":{"line":82,"column":null}}},"fnMap":{"0":{"name":"isRejectedAction","decl":{"start":{"line":46,"column":9},"end":{"line":46,"column":26}},"loc":{"start":{"line":46,"column":71},"end":{"line":48,"column":null}}},"1":{"name":"(anonymous_1)","decl":{"start":{"line":54,"column":4},"end":{"line":54,"column":19}},"loc":{"start":{"line":54,"column":57},"end":{"line":56,"column":null}}},"2":{"name":"(anonymous_2)","decl":{"start":{"line":57,"column":4},"end":{"line":57,"column":15}},"loc":{"start":{"line":57,"column":64},"end":{"line":59,"column":null}}},"3":{"name":"(anonymous_3)","decl":{"start":{"line":61,"column":17},"end":{"line":61,"column":18}},"loc":{"start":{"line":61,"column":30},"end":{"line":85,"column":null}}},"4":{"name":"(anonymous_4)","decl":{"start":{"line":63,"column":42},"end":{"line":63,"column":43}},"loc":{"start":{"line":63,"column":93},"end":{"line":67,"column":7}}},"5":{"name":"(anonymous_5)","decl":{"start":{"line":68,"column":40},"end":{"line":68,"column":41}},"loc":{"start":{"line":68,"column":51},"end":{"line":70,"column":7}}},"6":{"name":"(anonymous_6)","decl":{"start":{"line":73,"column":46},"end":{"line":73,"column":47}},"loc":{"start":{"line":73,"column":95},"end":{"line":77,"column":7}}},"7":{"name":"(anonymous_7)","decl":{"start":{"line":78,"column":44},"end":{"line":78,"column":45}},"loc":{"start":{"line":78,"column":55},"end":{"line":80,"column":7}}},"8":{"name":"(anonymous_8)","decl":{"start":{"line":81,"column":36},"end":{"line":81,"column":37}},"loc":{"start":{"line":81,"column":47},"end":{"line":83,"column":7}}},"9":{"name":"(anonymous_9)","decl":{"start":{"line":84,"column":22},"end":{"line":84,"column":28}},"loc":{"start":{"line":84,"column":28},"end":{"line":84,"column":30}}}},"branchMap":{},"s":{"0":135,"1":1151,"2":135,"3":0,"4":0,"5":135,"6":0,"7":0,"8":0,"9":0,"10":135,"11":0,"12":0,"13":0,"14":0,"15":0},"f":{"0":1151,"1":0,"2":0,"3":135,"4":0,"5":0,"6":0,"7":0,"8":0,"9":1151},"b":{}}
}
