TN:
SF:src/App.tsx
FN:8,(anonymous_0)
FNF:1
FNH:1
FNDA:405,(anonymous_0)
DA:6,135
DA:8,135
DA:9,405
LF:3
LH:3
BRF:0
BRH:0
end_of_record
TN:
SF:src/entry-client.tsx
FNF:0
FNH:0
DA:9,135
DA:11,135
LF:2
LH:2
BRF:0
BRH:0
end_of_record
TN:
SF:src/components/Card/Card.tsx
FN:9,(anonymous_0)
FN:15,(anonymous_1)
FN:27,(anonymous_2)
FN:51,(anonymous_3)
FN:58,(anonymous_4)
FNF:5
FNH:4
FNDA:296,(anonymous_0)
FNDA:14,(anonymous_1)
FNDA:0,(anonymous_2)
FNDA:1340,(anonymous_3)
FNDA:14,(anonymous_4)
DA:9,135
DA:10,296
DA:11,296
DA:12,296
DA:13,296
DA:15,296
DA:16,14
DA:17,14
DA:20,296
DA:28,0
DA:52,1340
DA:58,14
LF:12
LH:11
BRDA:22,0,0,188
BRDA:22,0,1,108
BRDA:26,1,0,41
BRDA:26,1,1,67
BRDA:50,2,0,67
BRDA:50,2,1,0
BRF:6
BRH:5
end_of_record
TN:
SF:src/components/CardModal/CardModal.tsx
FN:13,(anonymous_0)
FN:21,(anonymous_1)
FN:23,(anonymous_2)
FNF:3
FNH:1
FNDA:389,(anonymous_0)
FNDA:0,(anonymous_1)
FNDA:0,(anonymous_2)
DA:13,135
DA:14,389
DA:15,389
DA:17,389
DA:21,0
DA:23,0
LF:6
LH:4
BRDA:20,0,0,14
BRDA:20,0,1,375
BRF:2
BRH:2
end_of_record
TN:
SF:src/components/Form/Form.tsx
FN:10,(anonymous_0)
FN:32,(anonymous_1)
FN:38,(anonymous_2)
FN:56,(anonymous_3)
FN:61,(anonymous_4)
FN:71,(anonymous_5)
FN:159,(anonymous_6)
FN:173,(anonymous_7)
FN:175,(anonymous_8)
FN:190,(anonymous_9)
FN:221,(anonymous_10)
FN:228,(anonymous_11)
FNF:12
FNH:5
FNDA:45,(anonymous_0)
FNDA:0,(anonymous_1)
FNDA:0,(anonymous_2)
FNDA:0,(anonymous_3)
FNDA:0,(anonymous_4)
FNDA:0,(anonymous_5)
FNDA:1035,(anonymous_6)
FNDA:45,(anonymous_7)
FNDA:90,(anonymous_8)
FNDA:0,(anonymous_9)
FNDA:45,(anonymous_10)
FNDA:0,(anonymous_11)
DA:10,135
DA:11,45
DA:12,45
DA:20,45
DA:22,45
DA:23,45
DA:24,45
DA:25,45
DA:27,45
DA:32,45
DA:33,0
DA:34,0
DA:35,0
DA:38,45
DA:39,0
DA:40,0
DA:50,0
DA:51,0
DA:52,0
DA:53,0
DA:54,0
DA:55,0
DA:56,0
DA:57,0
DA:61,45
DA:62,0
DA:63,0
DA:64,0
DA:66,0
DA:67,0
DA:71,45
DA:72,0
DA:75,45
DA:160,1035
DA:174,45
DA:176,90
DA:190,0
DA:222,45
DA:228,0
LF:39
LH:18
BRDA:62,0,0,0
BRDA:62,0,1,0
BRDA:83,1,0,4
BRDA:83,1,1,41
BRDA:101,2,0,45
BRDA:101,2,1,4
BRDA:102,3,0,4
BRDA:102,3,1,0
BRDA:108,4,0,4
BRDA:108,4,1,41
BRDA:126,5,0,45
BRDA:126,5,1,4
BRDA:127,6,0,4
BRDA:127,6,1,0
BRDA:133,7,0,4
BRDA:133,7,1,41
BRDA:142,8,0,45
BRDA:142,8,1,4
BRDA:151,9,0,4
BRDA:151,9,1,41
BRDA:164,10,0,45
BRDA:164,10,1,4
BRDA:180,11,0,90
BRDA:180,11,1,0
BRDA:200,12,0,45
BRDA:200,12,1,4
BRDA:215,13,0,45
BRDA:215,13,1,4
BRDA:236,14,0,45
BRDA:236,14,1,4
BRDA:244,15,0,0
BRDA:244,15,1,45
BRF:32
BRH:26
end_of_record
TN:
SF:src/components/Header/Header.tsx
FN:6,(anonymous_0)
FNF:1
FNH:1
FNDA:300,(anonymous_0)
DA:6,135
DA:7,300
DA:8,300
LF:3
LH:3
BRF:0
BRH:0
end_of_record
TN:
SF:src/components/Loader/Loader.tsx
FN:4,(anonymous_0)
FNF:1
FNH:1
FNDA:188,(anonymous_0)
DA:4,135
DA:5,188
LF:2
LH:2
BRF:0
BRH:0
end_of_record
TN:
SF:src/entities/countries.ts
FNF:0
FNH:0
DA:1,135
LF:1
LH:1
BRF:0
BRH:0
end_of_record
TN:
SF:src/hooks/redux.ts
FN:4,(anonymous_0)
FNF:1
FNH:1
FNDA:286,(anonymous_0)
DA:4,286
DA:5,135
LF:2
LH:2
BRF:0
BRH:0
end_of_record
TN:
SF:src/pages/AboutUs.tsx
FN:5,(anonymous_0)
FNF:1
FNH:1
FNDA:9,(anonymous_0)
DA:5,135
DA:6,9
DA:7,9
DA:8,9
DA:9,9
DA:16,0
LF:6
LH:5
BRDA:7,0,0,9
BRF:1
BRH:1
end_of_record
TN:
SF:src/pages/NotFound.tsx
FN:6,(anonymous_0)
FNF:1
FNH:1
FNDA:9,(anonymous_0)
DA:7,9
LF:1
LH:1
BRF:0
BRH:0
end_of_record
TN:
SF:src/pages/MainPage/MainPage.tsx
FN:9,(anonymous_0)
FN:10,(anonymous_1)
FNF:2
FNH:2
FNDA:241,(anonymous_0)
FNDA:630,(anonymous_1)
DA:9,135
DA:10,630
DA:11,241
DA:13,241
LF:4
LH:4
BRF:0
BRH:0
end_of_record
TN:
SF:src/pages/MainPage/SearchField/SearchField.tsx
FN:6,(anonymous_0)
FN:13,(anonymous_1)
FN:25,(anonymous_2)
FNF:3
FNH:2
FNDA:241,(anonymous_0)
FNDA:90,(anonymous_1)
FNDA:0,(anonymous_2)
DA:6,135
DA:10,241
DA:11,241
DA:13,241
DA:14,90
DA:15,0
DA:16,0
DA:17,0
DA:19,0
DA:24,241
DA:25,0
LF:11
LH:6
BRDA:14,0,0,0
BRDA:15,1,0,0
BRDA:15,1,1,0
BRF:3
BRH:0
end_of_record
TN:
SF:src/pages/UserForm/UserForm.tsx
FN:9,(anonymous_0)
FN:10,(anonymous_1)
FNF:2
FNH:2
FNDA:41,(anonymous_0)
FNDA:120,(anonymous_1)
DA:9,135
DA:10,120
DA:11,41
DA:13,41
DA:14,41
DA:15,41
DA:29,0
LF:7
LH:6
BRDA:13,0,0,41
BRF:1
BRH:1
end_of_record
TN:
SF:src/router/AppRouter.tsx
FN:9,(anonymous_0)
FNF:1
FNH:1
FNDA:135,(anonymous_0)
DA:10,135
LF:1
LH:1
BRF:0
BRH:0
end_of_record
TN:
SF:src/services/CharacterService.ts
FN:7,(anonymous_0)
FN:9,(anonymous_1)
FN:18,(anonymous_2)
FNF:3
FNH:3
FNDA:135,(anonymous_0)
FNDA:94,(anonymous_1)
FNDA:119,(anonymous_2)
DA:4,135
DA:7,135
DA:9,94
DA:18,119
LF:4
LH:4
BRF:0
BRH:0
end_of_record
TN:
SF:src/store/store.ts
FN:10,(anonymous_0)
FN:13,(anonymous_1)
FNF:2
FNH:2
FNDA:270,(anonymous_0)
FNDA:270,(anonymous_1)
DA:5,135
DA:10,135
DA:11,270
DA:13,270
LF:4
LH:4
BRF:0
BRH:0
end_of_record
TN:
SF:src/store/reducers/ActionCreators.ts
FN:5,(anonymous_0)
FN:11,(anonymous_1)
FN:13,(anonymous_2)
FN:16,(anonymous_3)
FN:27,(anonymous_4)
FN:33,(anonymous_5)
FN:35,(anonymous_6)
FN:38,(anonymous_7)
FNF:8
FNH:0
FNDA:0,(anonymous_0)
FNDA:0,(anonymous_1)
FNDA:0,(anonymous_2)
FNDA:0,(anonymous_3)
FNDA:0,(anonymous_4)
FNDA:0,(anonymous_5)
FNDA:0,(anonymous_6)
FNDA:0,(anonymous_7)
DA:3,135
DA:6,0
DA:11,0
DA:14,0
DA:17,0
DA:21,0
DA:25,135
DA:28,0
DA:33,0
DA:36,0
DA:39,0
DA:43,0
LF:12
LH:2
BRDA:7,0,0,0
BRDA:7,0,1,0
BRDA:29,1,0,0
BRDA:29,1,1,0
BRF:4
BRH:0
end_of_record
TN:
SF:src/store/reducers/UserSlice.ts
FN:46,isRejectedAction
FN:54,(anonymous_1)
FN:57,(anonymous_2)
FN:61,(anonymous_3)
FN:63,(anonymous_4)
FN:68,(anonymous_5)
FN:73,(anonymous_6)
FN:78,(anonymous_7)
FN:81,(anonymous_8)
FN:84,(anonymous_9)
FNF:10
FNH:3
FNDA:1151,isRejectedAction
FNDA:0,(anonymous_1)
FNDA:0,(anonymous_2)
FNDA:135,(anonymous_3)
FNDA:0,(anonymous_4)
FNDA:0,(anonymous_5)
FNDA:0,(anonymous_6)
FNDA:0,(anonymous_7)
FNDA:0,(anonymous_8)
FNDA:1151,(anonymous_9)
DA:16,135
DA:47,1151
DA:50,135
DA:55,0
DA:58,0
DA:62,135
DA:64,0
DA:65,0
DA:66,0
DA:69,0
DA:72,135
DA:74,0
DA:75,0
DA:76,0
DA:79,0
DA:82,0
LF:16
LH:5
BRF:0
BRH:0
end_of_record
