TN:
SF:src/App.tsx
FN:8,(anonymous_0)
FNF:1
FNH:1
FNDA:12,(anonymous_0)
DA:6,4
DA:8,4
DA:9,12
LF:3
LH:3
BRF:0
BRH:0
end_of_record
TN:
SF:src/entry-client.tsx
FNF:0
FNH:0
DA:9,4
DA:11,4
LF:2
LH:2
BRF:0
BRH:0
end_of_record
TN:
SF:src/components/Card/Card.tsx
FN:9,(anonymous_0)
FN:15,(anonymous_1)
FN:27,(anonymous_2)
FN:51,(anonymous_3)
FN:58,(anonymous_4)
FNF:5
FNH:2
FNDA:7,(anonymous_0)
FNDA:0,(anonymous_1)
FNDA:0,(anonymous_2)
FNDA:20,(anonymous_3)
FNDA:0,(anonymous_4)
DA:9,4
DA:10,7
DA:11,7
DA:12,7
DA:13,7
DA:15,7
DA:16,0
DA:17,0
DA:20,7
DA:28,0
DA:52,20
DA:58,0
LF:12
LH:8
BRDA:22,0,0,4
BRDA:22,0,1,3
BRDA:26,1,0,2
BRDA:26,1,1,1
BRDA:50,2,0,1
BRDA:50,2,1,0
BRF:6
BRH:5
end_of_record
TN:
SF:src/components/CardModal/CardModal.tsx
FN:13,(anonymous_0)
FN:21,(anonymous_1)
FN:23,(anonymous_2)
FNF:3
FNH:1
FNDA:10,(anonymous_0)
FNDA:0,(anonymous_1)
FNDA:0,(anonymous_2)
DA:13,4
DA:14,10
DA:15,10
DA:17,10
DA:21,0
DA:23,0
LF:6
LH:4
BRDA:20,0,0,0
BRDA:20,0,1,10
BRF:2
BRH:1
end_of_record
TN:
SF:src/components/Form/Form.tsx
FN:10,(anonymous_0)
FN:32,(anonymous_1)
FN:38,(anonymous_2)
FN:56,(anonymous_3)
FN:61,(anonymous_4)
FN:71,(anonymous_5)
FN:159,(anonymous_6)
FN:173,(anonymous_7)
FN:175,(anonymous_8)
FN:190,(anonymous_9)
FN:221,(anonymous_10)
FN:228,(anonymous_11)
FNF:12
FNH:5
FNDA:2,(anonymous_0)
FNDA:0,(anonymous_1)
FNDA:0,(anonymous_2)
FNDA:0,(anonymous_3)
FNDA:0,(anonymous_4)
FNDA:0,(anonymous_5)
FNDA:46,(anonymous_6)
FNDA:2,(anonymous_7)
FNDA:4,(anonymous_8)
FNDA:0,(anonymous_9)
FNDA:2,(anonymous_10)
FNDA:0,(anonymous_11)
DA:10,4
DA:11,2
DA:12,2
DA:20,2
DA:22,2
DA:23,2
DA:24,2
DA:25,2
DA:27,2
DA:32,2
DA:33,0
DA:34,0
DA:35,0
DA:38,2
DA:39,0
DA:40,0
DA:50,0
DA:51,0
DA:52,0
DA:53,0
DA:54,0
DA:55,0
DA:56,0
DA:57,0
DA:61,2
DA:62,0
DA:63,0
DA:64,0
DA:66,0
DA:67,0
DA:71,2
DA:72,0
DA:75,2
DA:160,46
DA:174,2
DA:176,4
DA:190,0
DA:222,2
DA:228,0
LF:39
LH:18
BRDA:62,0,0,0
BRDA:62,0,1,0
BRDA:83,1,0,0
BRDA:83,1,1,2
BRDA:101,2,0,2
BRDA:101,2,1,0
BRDA:102,3,0,0
BRDA:102,3,1,0
BRDA:108,4,0,0
BRDA:108,4,1,2
BRDA:126,5,0,2
BRDA:126,5,1,0
BRDA:127,6,0,0
BRDA:127,6,1,0
BRDA:133,7,0,0
BRDA:133,7,1,2
BRDA:142,8,0,2
BRDA:142,8,1,0
BRDA:151,9,0,0
BRDA:151,9,1,2
BRDA:164,10,0,2
BRDA:164,10,1,0
BRDA:180,11,0,4
BRDA:180,11,1,0
BRDA:200,12,0,2
BRDA:200,12,1,0
BRDA:215,13,0,2
BRDA:215,13,1,0
BRDA:236,14,0,2
BRDA:236,14,1,0
BRDA:244,15,0,0
BRDA:244,15,1,2
BRF:32
BRH:13
end_of_record
TN:
SF:src/components/Header/Header.tsx
FN:6,(anonymous_0)
FNF:1
FNH:1
FNDA:7,(anonymous_0)
DA:6,4
DA:7,7
DA:8,7
LF:3
LH:3
BRF:0
BRH:0
end_of_record
TN:
SF:src/components/Loader/Loader.tsx
FN:4,(anonymous_0)
FNF:1
FNH:1
FNDA:4,(anonymous_0)
DA:4,4
DA:5,4
LF:2
LH:2
BRF:0
BRH:0
end_of_record
TN:
SF:src/entities/countries.ts
FNF:0
FNH:0
DA:1,4
LF:1
LH:1
BRF:0
BRH:0
end_of_record
TN:
SF:src/hooks/redux.ts
FN:4,(anonymous_0)
FNF:1
FNH:1
FNDA:7,(anonymous_0)
DA:4,7
DA:5,4
LF:2
LH:2
BRF:0
BRH:0
end_of_record
TN:
SF:src/pages/AboutUs.tsx
FN:5,(anonymous_0)
FNF:1
FNH:0
FNDA:0,(anonymous_0)
DA:5,4
DA:6,0
DA:7,0
DA:8,0
DA:9,0
DA:16,0
LF:6
LH:1
BRDA:7,0,0,0
BRF:1
BRH:0
end_of_record
TN:
SF:src/pages/NotFound.tsx
FN:6,(anonymous_0)
FNF:1
FNH:0
FNDA:0,(anonymous_0)
DA:7,0
LF:1
LH:0
BRF:0
BRH:0
end_of_record
TN:
SF:src/pages/MainPage/MainPage.tsx
FN:9,(anonymous_0)
FN:10,(anonymous_1)
FNF:2
FNH:2
FNDA:5,(anonymous_0)
FNDA:13,(anonymous_1)
DA:9,4
DA:10,13
DA:11,5
DA:13,5
LF:4
LH:4
BRF:0
BRH:0
end_of_record
TN:
SF:src/pages/MainPage/SearchField/SearchField.tsx
FN:6,(anonymous_0)
FN:13,(anonymous_1)
FN:25,(anonymous_2)
FNF:3
FNH:1
FNDA:5,(anonymous_0)
FNDA:0,(anonymous_1)
FNDA:0,(anonymous_2)
DA:6,4
DA:10,5
DA:11,5
DA:13,5
DA:14,0
DA:15,0
DA:16,0
DA:17,0
DA:19,0
DA:24,5
DA:25,0
LF:11
LH:5
BRDA:14,0,0,0
BRDA:15,1,0,0
BRDA:15,1,1,0
BRF:3
BRH:0
end_of_record
TN:
SF:src/pages/UserForm/UserForm.tsx
FN:9,(anonymous_0)
FN:10,(anonymous_1)
FNF:2
FNH:2
FNDA:2,(anonymous_0)
FNDA:6,(anonymous_1)
DA:9,4
DA:10,6
DA:11,2
DA:13,2
DA:14,2
DA:15,2
DA:29,0
LF:7
LH:6
BRDA:13,0,0,2
BRF:1
BRH:1
end_of_record
TN:
SF:src/router/AppRouter.tsx
FN:9,(anonymous_0)
FNF:1
FNH:1
FNDA:4,(anonymous_0)
DA:10,4
LF:1
LH:1
BRF:0
BRH:0
end_of_record
TN:
SF:src/services/CharacterService.ts
FN:7,(anonymous_0)
FN:9,(anonymous_1)
FN:18,(anonymous_2)
FNF:3
FNH:3
FNDA:4,(anonymous_0)
FNDA:2,(anonymous_1)
FNDA:4,(anonymous_2)
DA:4,4
DA:7,4
DA:9,2
DA:18,4
LF:4
LH:4
BRF:0
BRH:0
end_of_record
TN:
SF:src/store/store.ts
FN:10,(anonymous_0)
FN:13,(anonymous_1)
FNF:2
FNH:2
FNDA:8,(anonymous_0)
FNDA:8,(anonymous_1)
DA:5,4
DA:10,4
DA:11,8
DA:13,8
LF:4
LH:4
BRF:0
BRH:0
end_of_record
TN:
SF:src/store/reducers/ActionCreators.ts
FN:5,(anonymous_0)
FN:11,(anonymous_1)
FN:13,(anonymous_2)
FN:16,(anonymous_3)
FN:27,(anonymous_4)
FN:33,(anonymous_5)
FN:35,(anonymous_6)
FN:38,(anonymous_7)
FNF:8
FNH:0
FNDA:0,(anonymous_0)
FNDA:0,(anonymous_1)
FNDA:0,(anonymous_2)
FNDA:0,(anonymous_3)
FNDA:0,(anonymous_4)
FNDA:0,(anonymous_5)
FNDA:0,(anonymous_6)
FNDA:0,(anonymous_7)
DA:3,4
DA:6,0
DA:11,0
DA:14,0
DA:17,0
DA:21,0
DA:25,4
DA:28,0
DA:33,0
DA:36,0
DA:39,0
DA:43,0
LF:12
LH:2
BRDA:7,0,0,0
BRDA:7,0,1,0
BRDA:29,1,0,0
BRDA:29,1,1,0
BRF:4
BRH:0
end_of_record
TN:
SF:src/store/reducers/UserSlice.ts
FN:46,isRejectedAction
FN:54,(anonymous_1)
FN:57,(anonymous_2)
FN:61,(anonymous_3)
FN:63,(anonymous_4)
FN:68,(anonymous_5)
FN:73,(anonymous_6)
FN:78,(anonymous_7)
FN:81,(anonymous_8)
FN:84,(anonymous_9)
FNF:10
FNH:3
FNDA:32,isRejectedAction
FNDA:0,(anonymous_1)
FNDA:0,(anonymous_2)
FNDA:4,(anonymous_3)
FNDA:0,(anonymous_4)
FNDA:0,(anonymous_5)
FNDA:0,(anonymous_6)
FNDA:0,(anonymous_7)
FNDA:0,(anonymous_8)
FNDA:32,(anonymous_9)
DA:16,4
DA:47,32
DA:50,4
DA:55,0
DA:58,0
DA:62,4
DA:64,0
DA:65,0
DA:66,0
DA:69,0
DA:72,4
DA:74,0
DA:75,0
DA:76,0
DA:79,0
DA:82,0
LF:16
LH:5
BRF:0
BRH:0
end_of_record
